
blink.elf:     file format elf32-avr

Sections:
Idx Name          Size      VMA       LMA       File off  Algn
  0 .data         00000008  00800100  00000b12  00000ba6  2**0
                  CONTENTS, ALLOC, LOAD, DATA
  1 .text         00000b12  00000000  00000000  00000094  2**0
                  CONTENTS, ALLOC, LOAD, READONLY, CODE
  2 .bss          00000002  00800108  00800108  00000bae  2**0
                  ALLOC
  3 .stab         00002178  00000000  00000000  00000bb0  2**2
                  CONTENTS, READONLY, DEBUGGING
  4 .stabstr      00003877  00000000  00000000  00002d28  2**0
                  CONTENTS, READONLY, DEBUGGING
Disassembly of section .text:

00000000 <__vectors>:
   0:	0c 94 34 00 	jmp	0x68	; 0x68 <__ctors_end>
   4:	0c 94 51 00 	jmp	0xa2	; 0xa2 <__bad_interrupt>
   8:	0c 94 51 00 	jmp	0xa2	; 0xa2 <__bad_interrupt>
   c:	0c 94 51 00 	jmp	0xa2	; 0xa2 <__bad_interrupt>
  10:	0c 94 51 00 	jmp	0xa2	; 0xa2 <__bad_interrupt>
  14:	0c 94 51 00 	jmp	0xa2	; 0xa2 <__bad_interrupt>
  18:	0c 94 51 00 	jmp	0xa2	; 0xa2 <__bad_interrupt>
  1c:	0c 94 51 00 	jmp	0xa2	; 0xa2 <__bad_interrupt>
  20:	0c 94 51 00 	jmp	0xa2	; 0xa2 <__bad_interrupt>
  24:	0c 94 51 00 	jmp	0xa2	; 0xa2 <__bad_interrupt>
  28:	0c 94 51 00 	jmp	0xa2	; 0xa2 <__bad_interrupt>
  2c:	0c 94 51 00 	jmp	0xa2	; 0xa2 <__bad_interrupt>
  30:	0c 94 51 00 	jmp	0xa2	; 0xa2 <__bad_interrupt>
  34:	0c 94 51 00 	jmp	0xa2	; 0xa2 <__bad_interrupt>
  38:	0c 94 51 00 	jmp	0xa2	; 0xa2 <__bad_interrupt>
  3c:	0c 94 51 00 	jmp	0xa2	; 0xa2 <__bad_interrupt>
  40:	0c 94 51 00 	jmp	0xa2	; 0xa2 <__bad_interrupt>
  44:	0c 94 51 00 	jmp	0xa2	; 0xa2 <__bad_interrupt>
  48:	0c 94 51 00 	jmp	0xa2	; 0xa2 <__bad_interrupt>
  4c:	0c 94 51 00 	jmp	0xa2	; 0xa2 <__bad_interrupt>
  50:	0c 94 51 00 	jmp	0xa2	; 0xa2 <__bad_interrupt>
  54:	0c 94 a2 00 	jmp	0x144	; 0x144 <__vector_21>
  58:	0c 94 51 00 	jmp	0xa2	; 0xa2 <__bad_interrupt>
  5c:	0c 94 51 00 	jmp	0xa2	; 0xa2 <__bad_interrupt>
  60:	0c 94 51 00 	jmp	0xa2	; 0xa2 <__bad_interrupt>
  64:	0c 94 51 00 	jmp	0xa2	; 0xa2 <__bad_interrupt>

00000068 <__ctors_end>:
  68:	11 24       	eor	r1, r1
  6a:	1f be       	out	0x3f, r1	; 63
  6c:	cf ef       	ldi	r28, 0xFF	; 255
  6e:	d4 e0       	ldi	r29, 0x04	; 4
  70:	de bf       	out	0x3e, r29	; 62
  72:	cd bf       	out	0x3d, r28	; 61

00000074 <__do_copy_data>:
  74:	11 e0       	ldi	r17, 0x01	; 1
  76:	a0 e0       	ldi	r26, 0x00	; 0
  78:	b1 e0       	ldi	r27, 0x01	; 1
  7a:	e2 e1       	ldi	r30, 0x12	; 18
  7c:	fb e0       	ldi	r31, 0x0B	; 11
  7e:	02 c0       	rjmp	.+4      	; 0x84 <.do_copy_data_start>

00000080 <.do_copy_data_loop>:
  80:	05 90       	lpm	r0, Z+
  82:	0d 92       	st	X+, r0

00000084 <.do_copy_data_start>:
  84:	a8 30       	cpi	r26, 0x08	; 8
  86:	b1 07       	cpc	r27, r17
  88:	d9 f7       	brne	.-10     	; 0x80 <.do_copy_data_loop>

0000008a <__do_clear_bss>:
  8a:	11 e0       	ldi	r17, 0x01	; 1
  8c:	a8 e0       	ldi	r26, 0x08	; 8
  8e:	b1 e0       	ldi	r27, 0x01	; 1
  90:	01 c0       	rjmp	.+2      	; 0x94 <.do_clear_bss_start>

00000092 <.do_clear_bss_loop>:
  92:	1d 92       	st	X+, r1

00000094 <.do_clear_bss_start>:
  94:	aa 30       	cpi	r26, 0x0A	; 10
  96:	b1 07       	cpc	r27, r17
  98:	e1 f7       	brne	.-8      	; 0x92 <.do_clear_bss_loop>
  9a:	0e 94 61 00 	call	0xc2	; 0xc2 <main>
  9e:	0c 94 88 05 	jmp	0xb10	; 0xb10 <_exit>

000000a2 <__bad_interrupt>:
  a2:	0c 94 00 00 	jmp	0	; 0x0 <__heap_end>

000000a6 <init>:


void init(void) {
//Paralel IN/OUT Ports Init
	DDRB = 0x3F;
  a6:	8f e3       	ldi	r24, 0x3F	; 63
  a8:	84 b9       	out	0x04, r24	; 4
	PORTB = 0x3F;
  aa:	85 b9       	out	0x05, r24	; 5
	DDRD = 0xFF;
  ac:	8f ef       	ldi	r24, 0xFF	; 255
  ae:	8a b9       	out	0x0a, r24	; 10
	PORTD = 0xFF;
  b0:	8b b9       	out	0x0b, r24	; 11
//ADC Init
	ADMUX = (1 << REFS0); //AVCC with external capacitor at AREF pin
  b2:	80 e4       	ldi	r24, 0x40	; 64
  b4:	80 93 7c 00 	sts	0x007C, r24
	ADCSRA = 0xCF;
  b8:	8f ec       	ldi	r24, 0xCF	; 207
  ba:	80 93 7a 00 	sts	0x007A, r24
//Global Interrupts Enable
	sei();
  be:	78 94       	sei
  c0:	08 95       	ret

000000c2 <main>:
}

int main(void) {
  c2:	cf ef       	ldi	r28, 0xFF	; 255
  c4:	d4 e0       	ldi	r29, 0x04	; 4
  c6:	de bf       	out	0x3e, r29	; 62
  c8:	cd bf       	out	0x3d, r28	; 61
	init();
  ca:	0e 94 53 00 	call	0xa6	; 0xa6 <init>
  ce:	ff cf       	rjmp	.-2      	; 0xce <main+0xc>

000000d0 <park>:
  d0:	0f 93       	push	r16
  d2:	1f 93       	push	r17
  d4:	9c 01       	movw	r18, r24
  d6:	22 0f       	add	r18, r18
  d8:	33 1f       	adc	r19, r19
  da:	c9 01       	movw	r24, r18
  dc:	88 0f       	add	r24, r24
  de:	99 1f       	adc	r25, r25
  e0:	88 0f       	add	r24, r24
  e2:	99 1f       	adc	r25, r25
  e4:	88 0f       	add	r24, r24
  e6:	99 1f       	adc	r25, r25
  e8:	82 1b       	sub	r24, r18
  ea:	93 0b       	sbc	r25, r19
  ec:	6f ef       	ldi	r22, 0xFF	; 255
  ee:	70 e0       	ldi	r23, 0x00	; 0
  f0:	0e 94 d6 04 	call	0x9ac	; 0x9ac <__udivmodhi4>
  f4:	8b 01       	movw	r16, r22
  f6:	b8 01       	movw	r22, r16
  f8:	88 27       	eor	r24, r24
  fa:	77 fd       	sbrc	r23, 7
  fc:	80 95       	com	r24
  fe:	98 2f       	mov	r25, r24
 100:	0e 94 5c 02 	call	0x4b8	; 0x4b8 <__floatsisf>
 104:	17 ff       	sbrs	r17, 7
 106:	06 c0       	rjmp	.+12     	; 0x114 <park+0x44>
 108:	20 e0       	ldi	r18, 0x00	; 0
 10a:	30 e0       	ldi	r19, 0x00	; 0
 10c:	40 e8       	ldi	r20, 0x80	; 128
 10e:	57 e4       	ldi	r21, 0x47	; 71
 110:	0e 94 2f 02 	call	0x45e	; 0x45e <__addsf3>
 114:	20 e0       	ldi	r18, 0x00	; 0
 116:	30 e0       	ldi	r19, 0x00	; 0
 118:	40 e0       	ldi	r20, 0x00	; 0
 11a:	5f e3       	ldi	r21, 0x3F	; 63
 11c:	0e 94 2f 02 	call	0x45e	; 0x45e <__addsf3>
 120:	0e 94 21 05 	call	0xa42	; 0xa42 <floor>
 124:	0e 94 c5 02 	call	0x58a	; 0x58a <__fixsfsi>
 128:	2f ef       	ldi	r18, 0xFF	; 255
 12a:	3f e3       	ldi	r19, 0x3F	; 63
 12c:	02 c0       	rjmp	.+4      	; 0x132 <park+0x62>
 12e:	22 0f       	add	r18, r18
 130:	33 1f       	adc	r19, r19
 132:	6a 95       	dec	r22
 134:	e2 f7       	brpl	.-8      	; 0x12e <park+0x5e>
 136:	2b b9       	out	0x0b, r18	; 11
 138:	23 2f       	mov	r18, r19
 13a:	33 27       	eor	r19, r19
 13c:	25 b9       	out	0x05, r18	; 5
 13e:	1f 91       	pop	r17
 140:	0f 91       	pop	r16
 142:	08 95       	ret

00000144 <__vector_21>:
 144:	1f 92       	push	r1
 146:	0f 92       	push	r0
 148:	0f b6       	in	r0, 0x3f	; 63
 14a:	0f 92       	push	r0
 14c:	11 24       	eor	r1, r1
 14e:	2f 93       	push	r18
 150:	3f 93       	push	r19
 152:	4f 93       	push	r20
 154:	5f 93       	push	r21
 156:	6f 93       	push	r22
 158:	7f 93       	push	r23
 15a:	8f 93       	push	r24
 15c:	9f 93       	push	r25
 15e:	af 93       	push	r26
 160:	bf 93       	push	r27
 162:	ef 93       	push	r30
 164:	ff 93       	push	r31
 166:	80 91 78 00 	lds	r24, 0x0078
 16a:	90 91 79 00 	lds	r25, 0x0079
 16e:	86 59       	subi	r24, 0x96	; 150
 170:	90 40       	sbci	r25, 0x00	; 0
 172:	0e 94 68 00 	call	0xd0	; 0xd0 <park>
 176:	ea e7       	ldi	r30, 0x7A	; 122
 178:	f0 e0       	ldi	r31, 0x00	; 0
 17a:	80 81       	ld	r24, Z
 17c:	80 64       	ori	r24, 0x40	; 64
 17e:	80 83       	st	Z, r24
 180:	ff 91       	pop	r31
 182:	ef 91       	pop	r30
 184:	bf 91       	pop	r27
 186:	af 91       	pop	r26
 188:	9f 91       	pop	r25
 18a:	8f 91       	pop	r24
 18c:	7f 91       	pop	r23
 18e:	6f 91       	pop	r22
 190:	5f 91       	pop	r21
 192:	4f 91       	pop	r20
 194:	3f 91       	pop	r19
 196:	2f 91       	pop	r18
 198:	0f 90       	pop	r0
 19a:	0f be       	out	0x3f, r0	; 63
 19c:	0f 90       	pop	r0
 19e:	1f 90       	pop	r1
 1a0:	18 95       	reti

000001a2 <_fpadd_parts>:
	while (1);
	return 0;
}



 1a2:	a0 e0       	ldi	r26, 0x00	; 0
 1a4:	b0 e0       	ldi	r27, 0x00	; 0
 1a6:	e7 ed       	ldi	r30, 0xD7	; 215
 1a8:	f0 e0       	ldi	r31, 0x00	; 0
 1aa:	0c 94 ee 04 	jmp	0x9dc	; 0x9dc <__prologue_saves__+0x8>
 1ae:	fc 01       	movw	r30, r24
 1b0:	6a 01       	movw	r12, r20
 1b2:	90 81       	ld	r25, Z
 1b4:	92 30       	cpi	r25, 0x02	; 2
 1b6:	08 f4       	brcc	.+2      	; 0x1ba <_fpadd_parts+0x18>
 1b8:	1b c1       	rjmp	.+566    	; 0x3f0 <_fpadd_parts+0x24e>
 1ba:	db 01       	movw	r26, r22
 1bc:	8c 91       	ld	r24, X
 1be:	82 30       	cpi	r24, 0x02	; 2
 1c0:	80 f0       	brcs	.+32     	; 0x1e2 <_fpadd_parts+0x40>
 1c2:	94 30       	cpi	r25, 0x04	; 4
 1c4:	61 f4       	brne	.+24     	; 0x1de <_fpadd_parts+0x3c>
 1c6:	84 30       	cpi	r24, 0x04	; 4
 1c8:	09 f0       	breq	.+2      	; 0x1cc <_fpadd_parts+0x2a>
 1ca:	12 c1       	rjmp	.+548    	; 0x3f0 <_fpadd_parts+0x24e>
 1cc:	91 81       	ldd	r25, Z+1	; 0x01
 1ce:	eb 01       	movw	r28, r22
 1d0:	89 81       	ldd	r24, Y+1	; 0x01
 1d2:	98 17       	cp	r25, r24
 1d4:	09 f4       	brne	.+2      	; 0x1d8 <_fpadd_parts+0x36>
 1d6:	0c c1       	rjmp	.+536    	; 0x3f0 <_fpadd_parts+0x24e>
 1d8:	e0 e0       	ldi	r30, 0x00	; 0
 1da:	f1 e0       	ldi	r31, 0x01	; 1
 1dc:	09 c1       	rjmp	.+530    	; 0x3f0 <_fpadd_parts+0x24e>
 1de:	84 30       	cpi	r24, 0x04	; 4
 1e0:	11 f4       	brne	.+4      	; 0x1e6 <_fpadd_parts+0x44>
 1e2:	fb 01       	movw	r30, r22
 1e4:	05 c1       	rjmp	.+522    	; 0x3f0 <_fpadd_parts+0x24e>
 1e6:	82 30       	cpi	r24, 0x02	; 2
 1e8:	91 f4       	brne	.+36     	; 0x20e <_fpadd_parts+0x6c>
 1ea:	92 30       	cpi	r25, 0x02	; 2
 1ec:	09 f0       	breq	.+2      	; 0x1f0 <_fpadd_parts+0x4e>
 1ee:	00 c1       	rjmp	.+512    	; 0x3f0 <_fpadd_parts+0x24e>
 1f0:	ea 01       	movw	r28, r20
 1f2:	df 01       	movw	r26, r30
 1f4:	88 e0       	ldi	r24, 0x08	; 8
 1f6:	0d 90       	ld	r0, X+
 1f8:	09 92       	st	Y+, r0
 1fa:	81 50       	subi	r24, 0x01	; 1
 1fc:	e1 f7       	brne	.-8      	; 0x1f6 <_fpadd_parts+0x54>
 1fe:	81 81       	ldd	r24, Z+1	; 0x01
 200:	fb 01       	movw	r30, r22
 202:	91 81       	ldd	r25, Z+1	; 0x01
 204:	89 23       	and	r24, r25
 206:	e6 01       	movw	r28, r12
 208:	89 83       	std	Y+1, r24	; 0x01
 20a:	f6 01       	movw	r30, r12
 20c:	f1 c0       	rjmp	.+482    	; 0x3f0 <_fpadd_parts+0x24e>
 20e:	92 30       	cpi	r25, 0x02	; 2
 210:	41 f3       	breq	.-48     	; 0x1e2 <_fpadd_parts+0x40>
 212:	62 80       	ldd	r6, Z+2	; 0x02
 214:	73 80       	ldd	r7, Z+3	; 0x03
 216:	eb 01       	movw	r28, r22
 218:	8a 80       	ldd	r8, Y+2	; 0x02
 21a:	9b 80       	ldd	r9, Y+3	; 0x03
 21c:	e4 80       	ldd	r14, Z+4	; 0x04
 21e:	f5 80       	ldd	r15, Z+5	; 0x05
 220:	06 81       	ldd	r16, Z+6	; 0x06
 222:	17 81       	ldd	r17, Z+7	; 0x07
 224:	2c 81       	ldd	r18, Y+4	; 0x04
 226:	3d 81       	ldd	r19, Y+5	; 0x05
 228:	4e 81       	ldd	r20, Y+6	; 0x06
 22a:	5f 81       	ldd	r21, Y+7	; 0x07
 22c:	53 01       	movw	r10, r6
 22e:	a8 18       	sub	r10, r8
 230:	b9 08       	sbc	r11, r9
 232:	c5 01       	movw	r24, r10
 234:	b7 fc       	sbrc	r11, 7
 236:	ab c0       	rjmp	.+342    	; 0x38e <_fpadd_parts+0x1ec>
 238:	80 97       	sbiw	r24, 0x20	; 32
 23a:	0c f4       	brge	.+2      	; 0x23e <_fpadd_parts+0x9c>
 23c:	57 c0       	rjmp	.+174    	; 0x2ec <_fpadd_parts+0x14a>
 23e:	86 14       	cp	r8, r6
 240:	97 04       	cpc	r9, r7
 242:	0c f4       	brge	.+2      	; 0x246 <_fpadd_parts+0xa4>
 244:	be c0       	rjmp	.+380    	; 0x3c2 <_fpadd_parts+0x220>
 246:	34 01       	movw	r6, r8
 248:	ee 24       	eor	r14, r14
 24a:	ff 24       	eor	r15, r15
 24c:	87 01       	movw	r16, r14
 24e:	91 81       	ldd	r25, Z+1	; 0x01
 250:	fb 01       	movw	r30, r22
 252:	81 81       	ldd	r24, Z+1	; 0x01
 254:	98 17       	cp	r25, r24
 256:	09 f4       	brne	.+2      	; 0x25a <_fpadd_parts+0xb8>
 258:	a6 c0       	rjmp	.+332    	; 0x3a6 <_fpadd_parts+0x204>
 25a:	99 23       	and	r25, r25
 25c:	09 f4       	brne	.+2      	; 0x260 <_fpadd_parts+0xbe>
 25e:	9c c0       	rjmp	.+312    	; 0x398 <_fpadd_parts+0x1f6>
 260:	2e 19       	sub	r18, r14
 262:	3f 09       	sbc	r19, r15
 264:	40 0b       	sbc	r20, r16
 266:	51 0b       	sbc	r21, r17
 268:	57 fd       	sbrc	r21, 7
 26a:	b0 c0       	rjmp	.+352    	; 0x3cc <_fpadd_parts+0x22a>
 26c:	e6 01       	movw	r28, r12
 26e:	19 82       	std	Y+1, r1	; 0x01
 270:	7b 82       	std	Y+3, r7	; 0x03
 272:	6a 82       	std	Y+2, r6	; 0x02
 274:	f6 01       	movw	r30, r12
 276:	24 83       	std	Z+4, r18	; 0x04
 278:	35 83       	std	Z+5, r19	; 0x05
 27a:	46 83       	std	Z+6, r20	; 0x06
 27c:	57 83       	std	Z+7, r21	; 0x07
 27e:	e6 01       	movw	r28, r12
 280:	2c 81       	ldd	r18, Y+4	; 0x04
 282:	3d 81       	ldd	r19, Y+5	; 0x05
 284:	4e 81       	ldd	r20, Y+6	; 0x06
 286:	5f 81       	ldd	r21, Y+7	; 0x07
 288:	79 01       	movw	r14, r18
 28a:	8a 01       	movw	r16, r20
 28c:	da 01       	movw	r26, r20
 28e:	c9 01       	movw	r24, r18
 290:	01 97       	sbiw	r24, 0x01	; 1
 292:	a1 09       	sbc	r26, r1
 294:	b1 09       	sbc	r27, r1
 296:	8f 5f       	subi	r24, 0xFF	; 255
 298:	9f 4f       	sbci	r25, 0xFF	; 255
 29a:	af 4f       	sbci	r26, 0xFF	; 255
 29c:	bf 43       	sbci	r27, 0x3F	; 63
 29e:	f8 f4       	brcc	.+62     	; 0x2de <_fpadd_parts+0x13c>
 2a0:	e6 01       	movw	r28, r12
 2a2:	6a 81       	ldd	r22, Y+2	; 0x02
 2a4:	7b 81       	ldd	r23, Y+3	; 0x03
 2a6:	a8 01       	movw	r20, r16
 2a8:	97 01       	movw	r18, r14
 2aa:	22 0f       	add	r18, r18
 2ac:	33 1f       	adc	r19, r19
 2ae:	44 1f       	adc	r20, r20
 2b0:	55 1f       	adc	r21, r21
 2b2:	61 50       	subi	r22, 0x01	; 1
 2b4:	70 40       	sbci	r23, 0x00	; 0
 2b6:	79 01       	movw	r14, r18
 2b8:	8a 01       	movw	r16, r20
 2ba:	da 01       	movw	r26, r20
 2bc:	c9 01       	movw	r24, r18
 2be:	01 97       	sbiw	r24, 0x01	; 1
 2c0:	a1 09       	sbc	r26, r1
 2c2:	b1 09       	sbc	r27, r1
 2c4:	8f 5f       	subi	r24, 0xFF	; 255
 2c6:	9f 4f       	sbci	r25, 0xFF	; 255
 2c8:	af 4f       	sbci	r26, 0xFF	; 255
 2ca:	bf 43       	sbci	r27, 0x3F	; 63
 2cc:	60 f3       	brcs	.-40     	; 0x2a6 <_fpadd_parts+0x104>
 2ce:	e6 01       	movw	r28, r12
 2d0:	7b 83       	std	Y+3, r23	; 0x03
 2d2:	6a 83       	std	Y+2, r22	; 0x02
 2d4:	f6 01       	movw	r30, r12
 2d6:	24 83       	std	Z+4, r18	; 0x04
 2d8:	35 83       	std	Z+5, r19	; 0x05
 2da:	46 83       	std	Z+6, r20	; 0x06
 2dc:	57 83       	std	Z+7, r21	; 0x07
 2de:	83 e0       	ldi	r24, 0x03	; 3
 2e0:	d6 01       	movw	r26, r12
 2e2:	8c 93       	st	X, r24
 2e4:	57 fd       	sbrc	r21, 7
 2e6:	39 c0       	rjmp	.+114    	; 0x35a <_fpadd_parts+0x1b8>
 2e8:	f6 01       	movw	r30, r12
 2ea:	82 c0       	rjmp	.+260    	; 0x3f0 <_fpadd_parts+0x24e>
 2ec:	86 14       	cp	r8, r6
 2ee:	97 04       	cpc	r9, r7
 2f0:	b4 f4       	brge	.+44     	; 0x31e <_fpadd_parts+0x17c>
 2f2:	c0 e0       	ldi	r28, 0x00	; 0
 2f4:	d0 e0       	ldi	r29, 0x00	; 0
 2f6:	da 01       	movw	r26, r20
 2f8:	c9 01       	movw	r24, r18
 2fa:	81 70       	andi	r24, 0x01	; 1
 2fc:	90 70       	andi	r25, 0x00	; 0
 2fe:	a0 70       	andi	r26, 0x00	; 0
 300:	b0 70       	andi	r27, 0x00	; 0
 302:	56 95       	lsr	r21
 304:	47 95       	ror	r20
 306:	37 95       	ror	r19
 308:	27 95       	ror	r18
 30a:	28 2b       	or	r18, r24
 30c:	39 2b       	or	r19, r25
 30e:	4a 2b       	or	r20, r26
 310:	5b 2b       	or	r21, r27
 312:	21 96       	adiw	r28, 0x01	; 1
 314:	ac 16       	cp	r10, r28
 316:	bd 06       	cpc	r11, r29
 318:	71 f7       	brne	.-36     	; 0x2f6 <_fpadd_parts+0x154>
 31a:	8a 0c       	add	r8, r10
 31c:	9b 1c       	adc	r9, r11
 31e:	68 14       	cp	r6, r8
 320:	79 04       	cpc	r7, r9
 322:	0c f0       	brlt	.+2      	; 0x326 <_fpadd_parts+0x184>
 324:	94 cf       	rjmp	.-216    	; 0x24e <_fpadd_parts+0xac>
 326:	c0 e0       	ldi	r28, 0x00	; 0
 328:	d0 e0       	ldi	r29, 0x00	; 0
 32a:	54 01       	movw	r10, r8
 32c:	a6 18       	sub	r10, r6
 32e:	b7 08       	sbc	r11, r7
 330:	d8 01       	movw	r26, r16
 332:	c7 01       	movw	r24, r14
 334:	81 70       	andi	r24, 0x01	; 1
 336:	90 70       	andi	r25, 0x00	; 0
 338:	a0 70       	andi	r26, 0x00	; 0
 33a:	b0 70       	andi	r27, 0x00	; 0
 33c:	16 95       	lsr	r17
 33e:	07 95       	ror	r16
 340:	f7 94       	ror	r15
 342:	e7 94       	ror	r14
 344:	e8 2a       	or	r14, r24
 346:	f9 2a       	or	r15, r25
 348:	0a 2b       	or	r16, r26
 34a:	1b 2b       	or	r17, r27
 34c:	21 96       	adiw	r28, 0x01	; 1
 34e:	ac 16       	cp	r10, r28
 350:	bd 06       	cpc	r11, r29
 352:	71 f7       	brne	.-36     	; 0x330 <_fpadd_parts+0x18e>
 354:	6a 0c       	add	r6, r10
 356:	7b 1c       	adc	r7, r11
 358:	7a cf       	rjmp	.-268    	; 0x24e <_fpadd_parts+0xac>
 35a:	da 01       	movw	r26, r20
 35c:	c9 01       	movw	r24, r18
 35e:	b6 95       	lsr	r27
 360:	a7 95       	ror	r26
 362:	97 95       	ror	r25
 364:	87 95       	ror	r24
 366:	21 70       	andi	r18, 0x01	; 1
 368:	30 70       	andi	r19, 0x00	; 0
 36a:	40 70       	andi	r20, 0x00	; 0
 36c:	50 70       	andi	r21, 0x00	; 0
 36e:	28 2b       	or	r18, r24
 370:	39 2b       	or	r19, r25
 372:	4a 2b       	or	r20, r26
 374:	5b 2b       	or	r21, r27
 376:	e6 01       	movw	r28, r12
 378:	2c 83       	std	Y+4, r18	; 0x04
 37a:	3d 83       	std	Y+5, r19	; 0x05
 37c:	4e 83       	std	Y+6, r20	; 0x06
 37e:	5f 83       	std	Y+7, r21	; 0x07
 380:	8a 81       	ldd	r24, Y+2	; 0x02
 382:	9b 81       	ldd	r25, Y+3	; 0x03
 384:	01 96       	adiw	r24, 0x01	; 1
 386:	9b 83       	std	Y+3, r25	; 0x03
 388:	8a 83       	std	Y+2, r24	; 0x02
 38a:	f6 01       	movw	r30, r12
 38c:	31 c0       	rjmp	.+98     	; 0x3f0 <_fpadd_parts+0x24e>
 38e:	88 27       	eor	r24, r24
 390:	99 27       	eor	r25, r25
 392:	8a 19       	sub	r24, r10
 394:	9b 09       	sbc	r25, r11
 396:	50 cf       	rjmp	.-352    	; 0x238 <_fpadd_parts+0x96>
 398:	e2 1a       	sub	r14, r18
 39a:	f3 0a       	sbc	r15, r19
 39c:	04 0b       	sbc	r16, r20
 39e:	15 0b       	sbc	r17, r21
 3a0:	a8 01       	movw	r20, r16
 3a2:	97 01       	movw	r18, r14
 3a4:	61 cf       	rjmp	.-318    	; 0x268 <_fpadd_parts+0xc6>
 3a6:	e6 01       	movw	r28, r12
 3a8:	99 83       	std	Y+1, r25	; 0x01
 3aa:	7b 82       	std	Y+3, r7	; 0x03
 3ac:	6a 82       	std	Y+2, r6	; 0x02
 3ae:	2e 0d       	add	r18, r14
 3b0:	3f 1d       	adc	r19, r15
 3b2:	40 1f       	adc	r20, r16
 3b4:	51 1f       	adc	r21, r17
 3b6:	f6 01       	movw	r30, r12
 3b8:	24 83       	std	Z+4, r18	; 0x04
 3ba:	35 83       	std	Z+5, r19	; 0x05
 3bc:	46 83       	std	Z+6, r20	; 0x06
 3be:	57 83       	std	Z+7, r21	; 0x07
 3c0:	8e cf       	rjmp	.-228    	; 0x2de <_fpadd_parts+0x13c>
 3c2:	20 e0       	ldi	r18, 0x00	; 0
 3c4:	30 e0       	ldi	r19, 0x00	; 0
 3c6:	40 e0       	ldi	r20, 0x00	; 0
 3c8:	50 e0       	ldi	r21, 0x00	; 0
 3ca:	41 cf       	rjmp	.-382    	; 0x24e <_fpadd_parts+0xac>
 3cc:	81 e0       	ldi	r24, 0x01	; 1
 3ce:	e6 01       	movw	r28, r12
 3d0:	89 83       	std	Y+1, r24	; 0x01
 3d2:	7b 82       	std	Y+3, r7	; 0x03
 3d4:	6a 82       	std	Y+2, r6	; 0x02
 3d6:	50 95       	com	r21
 3d8:	40 95       	com	r20
 3da:	30 95       	com	r19
 3dc:	21 95       	neg	r18
 3de:	3f 4f       	sbci	r19, 0xFF	; 255
 3e0:	4f 4f       	sbci	r20, 0xFF	; 255
 3e2:	5f 4f       	sbci	r21, 0xFF	; 255
 3e4:	f6 01       	movw	r30, r12
 3e6:	24 83       	std	Z+4, r18	; 0x04
 3e8:	35 83       	std	Z+5, r19	; 0x05
 3ea:	46 83       	std	Z+6, r20	; 0x06
 3ec:	57 83       	std	Z+7, r21	; 0x07
 3ee:	47 cf       	rjmp	.-370    	; 0x27e <_fpadd_parts+0xdc>
 3f0:	cf 01       	movw	r24, r30
 3f2:	ee e0       	ldi	r30, 0x0E	; 14
 3f4:	cd b7       	in	r28, 0x3d	; 61
 3f6:	de b7       	in	r29, 0x3e	; 62
 3f8:	0c 94 0a 05 	jmp	0xa14	; 0xa14 <__epilogue_restores__+0x8>

000003fc <__subsf3>:
 3fc:	a0 e2       	ldi	r26, 0x20	; 32
 3fe:	b0 e0       	ldi	r27, 0x00	; 0
 400:	e4 e0       	ldi	r30, 0x04	; 4
 402:	f2 e0       	ldi	r31, 0x02	; 2
 404:	0c 94 f6 04 	jmp	0x9ec	; 0x9ec <__prologue_saves__+0x18>
 408:	69 83       	std	Y+1, r22	; 0x01
 40a:	7a 83       	std	Y+2, r23	; 0x02
 40c:	8b 83       	std	Y+3, r24	; 0x03
 40e:	9c 83       	std	Y+4, r25	; 0x04
 410:	2d 83       	std	Y+5, r18	; 0x05
 412:	3e 83       	std	Y+6, r19	; 0x06
 414:	4f 83       	std	Y+7, r20	; 0x07
 416:	58 87       	std	Y+8, r21	; 0x08
 418:	89 e0       	ldi	r24, 0x09	; 9
 41a:	e8 2e       	mov	r14, r24
 41c:	f1 2c       	mov	r15, r1
 41e:	ec 0e       	add	r14, r28
 420:	fd 1e       	adc	r15, r29
 422:	b7 01       	movw	r22, r14
 424:	ce 01       	movw	r24, r28
 426:	01 96       	adiw	r24, 0x01	; 1
 428:	0e 94 37 04 	call	0x86e	; 0x86e <__unpack_f>
 42c:	8e 01       	movw	r16, r28
 42e:	0f 5e       	subi	r16, 0xEF	; 239
 430:	1f 4f       	sbci	r17, 0xFF	; 255
 432:	b8 01       	movw	r22, r16
 434:	ce 01       	movw	r24, r28
 436:	05 96       	adiw	r24, 0x05	; 5
 438:	0e 94 37 04 	call	0x86e	; 0x86e <__unpack_f>
 43c:	8a 89       	ldd	r24, Y+18	; 0x12
 43e:	91 e0       	ldi	r25, 0x01	; 1
 440:	89 27       	eor	r24, r25
 442:	8a 8b       	std	Y+18, r24	; 0x12
 444:	ae 01       	movw	r20, r28
 446:	47 5e       	subi	r20, 0xE7	; 231
 448:	5f 4f       	sbci	r21, 0xFF	; 255
 44a:	b8 01       	movw	r22, r16
 44c:	c7 01       	movw	r24, r14
 44e:	0e 94 d1 00 	call	0x1a2	; 0x1a2 <_fpadd_parts>
 452:	0e 94 15 03 	call	0x62a	; 0x62a <__pack_f>
 456:	e6 e0       	ldi	r30, 0x06	; 6
 458:	a0 96       	adiw	r28, 0x20	; 32
 45a:	0c 94 12 05 	jmp	0xa24	; 0xa24 <__epilogue_restores__+0x18>

0000045e <__addsf3>:
 45e:	a0 e2       	ldi	r26, 0x20	; 32
 460:	b0 e0       	ldi	r27, 0x00	; 0
 462:	e5 e3       	ldi	r30, 0x35	; 53
 464:	f2 e0       	ldi	r31, 0x02	; 2
 466:	0c 94 f6 04 	jmp	0x9ec	; 0x9ec <__prologue_saves__+0x18>
 46a:	69 83       	std	Y+1, r22	; 0x01
 46c:	7a 83       	std	Y+2, r23	; 0x02
 46e:	8b 83       	std	Y+3, r24	; 0x03
 470:	9c 83       	std	Y+4, r25	; 0x04
 472:	2d 83       	std	Y+5, r18	; 0x05
 474:	3e 83       	std	Y+6, r19	; 0x06
 476:	4f 83       	std	Y+7, r20	; 0x07
 478:	58 87       	std	Y+8, r21	; 0x08
 47a:	99 e0       	ldi	r25, 0x09	; 9
 47c:	e9 2e       	mov	r14, r25
 47e:	f1 2c       	mov	r15, r1
 480:	ec 0e       	add	r14, r28
 482:	fd 1e       	adc	r15, r29
 484:	b7 01       	movw	r22, r14
 486:	ce 01       	movw	r24, r28
 488:	01 96       	adiw	r24, 0x01	; 1
 48a:	0e 94 37 04 	call	0x86e	; 0x86e <__unpack_f>
 48e:	8e 01       	movw	r16, r28
 490:	0f 5e       	subi	r16, 0xEF	; 239
 492:	1f 4f       	sbci	r17, 0xFF	; 255
 494:	b8 01       	movw	r22, r16
 496:	ce 01       	movw	r24, r28
 498:	05 96       	adiw	r24, 0x05	; 5
 49a:	0e 94 37 04 	call	0x86e	; 0x86e <__unpack_f>
 49e:	ae 01       	movw	r20, r28
 4a0:	47 5e       	subi	r20, 0xE7	; 231
 4a2:	5f 4f       	sbci	r21, 0xFF	; 255
 4a4:	b8 01       	movw	r22, r16
 4a6:	c7 01       	movw	r24, r14
 4a8:	0e 94 d1 00 	call	0x1a2	; 0x1a2 <_fpadd_parts>
 4ac:	0e 94 15 03 	call	0x62a	; 0x62a <__pack_f>
 4b0:	e6 e0       	ldi	r30, 0x06	; 6
 4b2:	a0 96       	adiw	r28, 0x20	; 32
 4b4:	0c 94 12 05 	jmp	0xa24	; 0xa24 <__epilogue_restores__+0x18>

000004b8 <__floatsisf>:
 4b8:	a8 e0       	ldi	r26, 0x08	; 8
 4ba:	b0 e0       	ldi	r27, 0x00	; 0
 4bc:	e2 e6       	ldi	r30, 0x62	; 98
 4be:	f2 e0       	ldi	r31, 0x02	; 2
 4c0:	0c 94 f9 04 	jmp	0x9f2	; 0x9f2 <__prologue_saves__+0x1e>
 4c4:	9b 01       	movw	r18, r22
 4c6:	ac 01       	movw	r20, r24
 4c8:	83 e0       	ldi	r24, 0x03	; 3
 4ca:	89 83       	std	Y+1, r24	; 0x01
 4cc:	1a 82       	std	Y+2, r1	; 0x02
 4ce:	57 fd       	sbrc	r21, 7
 4d0:	51 c0       	rjmp	.+162    	; 0x574 <__stack+0x75>
 4d2:	21 15       	cp	r18, r1
 4d4:	31 05       	cpc	r19, r1
 4d6:	41 05       	cpc	r20, r1
 4d8:	51 05       	cpc	r21, r1
 4da:	39 f4       	brne	.+14     	; 0x4ea <__floatsisf+0x32>
 4dc:	82 e0       	ldi	r24, 0x02	; 2
 4de:	89 83       	std	Y+1, r24	; 0x01
 4e0:	ce 01       	movw	r24, r28
 4e2:	01 96       	adiw	r24, 0x01	; 1
 4e4:	0e 94 15 03 	call	0x62a	; 0x62a <__pack_f>
 4e8:	4c c0       	rjmp	.+152    	; 0x582 <__stack+0x83>
 4ea:	ee e1       	ldi	r30, 0x1E	; 30
 4ec:	f0 e0       	ldi	r31, 0x00	; 0
 4ee:	fc 83       	std	Y+4, r31	; 0x04
 4f0:	eb 83       	std	Y+3, r30	; 0x03
 4f2:	8a 81       	ldd	r24, Y+2	; 0x02
 4f4:	88 23       	and	r24, r24
 4f6:	c9 f1       	breq	.+114    	; 0x56a <__stack+0x6b>
 4f8:	20 30       	cpi	r18, 0x00	; 0
 4fa:	10 e0       	ldi	r17, 0x00	; 0
 4fc:	31 07       	cpc	r19, r17
 4fe:	10 e0       	ldi	r17, 0x00	; 0
 500:	41 07       	cpc	r20, r17
 502:	10 e8       	ldi	r17, 0x80	; 128
 504:	51 07       	cpc	r21, r17
 506:	c9 f1       	breq	.+114    	; 0x57a <__stack+0x7b>
 508:	88 27       	eor	r24, r24
 50a:	99 27       	eor	r25, r25
 50c:	dc 01       	movw	r26, r24
 50e:	82 1b       	sub	r24, r18
 510:	93 0b       	sbc	r25, r19
 512:	a4 0b       	sbc	r26, r20
 514:	b5 0b       	sbc	r27, r21
 516:	8d 83       	std	Y+5, r24	; 0x05
 518:	9e 83       	std	Y+6, r25	; 0x06
 51a:	af 83       	std	Y+7, r26	; 0x07
 51c:	b8 87       	std	Y+8, r27	; 0x08
 51e:	2d 81       	ldd	r18, Y+5	; 0x05
 520:	3e 81       	ldd	r19, Y+6	; 0x06
 522:	4f 81       	ldd	r20, Y+7	; 0x07
 524:	58 85       	ldd	r21, Y+8	; 0x08
 526:	20 30       	cpi	r18, 0x00	; 0
 528:	80 e0       	ldi	r24, 0x00	; 0
 52a:	38 07       	cpc	r19, r24
 52c:	80 e0       	ldi	r24, 0x00	; 0
 52e:	48 07       	cpc	r20, r24
 530:	80 e4       	ldi	r24, 0x40	; 64
 532:	58 07       	cpc	r21, r24
 534:	a8 f6       	brcc	.-86     	; 0x4e0 <__floatsisf+0x28>
 536:	eb 81       	ldd	r30, Y+3	; 0x03
 538:	fc 81       	ldd	r31, Y+4	; 0x04
 53a:	da 01       	movw	r26, r20
 53c:	c9 01       	movw	r24, r18
 53e:	88 0f       	add	r24, r24
 540:	99 1f       	adc	r25, r25
 542:	aa 1f       	adc	r26, r26
 544:	bb 1f       	adc	r27, r27
 546:	31 97       	sbiw	r30, 0x01	; 1
 548:	9c 01       	movw	r18, r24
 54a:	ad 01       	movw	r20, r26
 54c:	80 30       	cpi	r24, 0x00	; 0
 54e:	10 e0       	ldi	r17, 0x00	; 0
 550:	91 07       	cpc	r25, r17
 552:	10 e0       	ldi	r17, 0x00	; 0
 554:	a1 07       	cpc	r26, r17
 556:	10 e4       	ldi	r17, 0x40	; 64
 558:	b1 07       	cpc	r27, r17
 55a:	78 f3       	brcs	.-34     	; 0x53a <__stack+0x3b>
 55c:	fc 83       	std	Y+4, r31	; 0x04
 55e:	eb 83       	std	Y+3, r30	; 0x03
 560:	8d 83       	std	Y+5, r24	; 0x05
 562:	9e 83       	std	Y+6, r25	; 0x06
 564:	af 83       	std	Y+7, r26	; 0x07
 566:	b8 87       	std	Y+8, r27	; 0x08
 568:	bb cf       	rjmp	.-138    	; 0x4e0 <__floatsisf+0x28>
 56a:	2d 83       	std	Y+5, r18	; 0x05
 56c:	3e 83       	std	Y+6, r19	; 0x06
 56e:	4f 83       	std	Y+7, r20	; 0x07
 570:	58 87       	std	Y+8, r21	; 0x08
 572:	d5 cf       	rjmp	.-86     	; 0x51e <__stack+0x1f>
 574:	81 e0       	ldi	r24, 0x01	; 1
 576:	8a 83       	std	Y+2, r24	; 0x02
 578:	ac cf       	rjmp	.-168    	; 0x4d2 <__floatsisf+0x1a>
 57a:	60 e0       	ldi	r22, 0x00	; 0
 57c:	70 e0       	ldi	r23, 0x00	; 0
 57e:	80 e0       	ldi	r24, 0x00	; 0
 580:	9f ec       	ldi	r25, 0xCF	; 207
 582:	e3 e0       	ldi	r30, 0x03	; 3
 584:	28 96       	adiw	r28, 0x08	; 8
 586:	0c 94 15 05 	jmp	0xa2a	; 0xa2a <__epilogue_restores__+0x1e>

0000058a <__fixsfsi>:
 58a:	ac e0       	ldi	r26, 0x0C	; 12
 58c:	b0 e0       	ldi	r27, 0x00	; 0
 58e:	eb ec       	ldi	r30, 0xCB	; 203
 590:	f2 e0       	ldi	r31, 0x02	; 2
 592:	0c 94 fa 04 	jmp	0x9f4	; 0x9f4 <__prologue_saves__+0x20>
 596:	69 83       	std	Y+1, r22	; 0x01
 598:	7a 83       	std	Y+2, r23	; 0x02
 59a:	8b 83       	std	Y+3, r24	; 0x03
 59c:	9c 83       	std	Y+4, r25	; 0x04
 59e:	be 01       	movw	r22, r28
 5a0:	6b 5f       	subi	r22, 0xFB	; 251
 5a2:	7f 4f       	sbci	r23, 0xFF	; 255
 5a4:	ce 01       	movw	r24, r28
 5a6:	01 96       	adiw	r24, 0x01	; 1
 5a8:	0e 94 37 04 	call	0x86e	; 0x86e <__unpack_f>
 5ac:	8d 81       	ldd	r24, Y+5	; 0x05
 5ae:	82 30       	cpi	r24, 0x02	; 2
 5b0:	61 f0       	breq	.+24     	; 0x5ca <__fixsfsi+0x40>
 5b2:	82 30       	cpi	r24, 0x02	; 2
 5b4:	50 f0       	brcs	.+20     	; 0x5ca <__fixsfsi+0x40>
 5b6:	84 30       	cpi	r24, 0x04	; 4
 5b8:	69 f4       	brne	.+26     	; 0x5d4 <__fixsfsi+0x4a>
 5ba:	8e 81       	ldd	r24, Y+6	; 0x06
 5bc:	88 23       	and	r24, r24
 5be:	59 f5       	brne	.+86     	; 0x616 <__fixsfsi+0x8c>
 5c0:	2f ef       	ldi	r18, 0xFF	; 255
 5c2:	3f ef       	ldi	r19, 0xFF	; 255
 5c4:	4f ef       	ldi	r20, 0xFF	; 255
 5c6:	5f e7       	ldi	r21, 0x7F	; 127
 5c8:	2a c0       	rjmp	.+84     	; 0x61e <__fixsfsi+0x94>
 5ca:	20 e0       	ldi	r18, 0x00	; 0
 5cc:	30 e0       	ldi	r19, 0x00	; 0
 5ce:	40 e0       	ldi	r20, 0x00	; 0
 5d0:	50 e0       	ldi	r21, 0x00	; 0
 5d2:	25 c0       	rjmp	.+74     	; 0x61e <__fixsfsi+0x94>
 5d4:	2f 81       	ldd	r18, Y+7	; 0x07
 5d6:	38 85       	ldd	r19, Y+8	; 0x08
 5d8:	37 fd       	sbrc	r19, 7
 5da:	f7 cf       	rjmp	.-18     	; 0x5ca <__fixsfsi+0x40>
 5dc:	2f 31       	cpi	r18, 0x1F	; 31
 5de:	31 05       	cpc	r19, r1
 5e0:	64 f7       	brge	.-40     	; 0x5ba <__fixsfsi+0x30>
 5e2:	8e e1       	ldi	r24, 0x1E	; 30
 5e4:	90 e0       	ldi	r25, 0x00	; 0
 5e6:	82 1b       	sub	r24, r18
 5e8:	93 0b       	sbc	r25, r19
 5ea:	29 85       	ldd	r18, Y+9	; 0x09
 5ec:	3a 85       	ldd	r19, Y+10	; 0x0a
 5ee:	4b 85       	ldd	r20, Y+11	; 0x0b
 5f0:	5c 85       	ldd	r21, Y+12	; 0x0c
 5f2:	04 c0       	rjmp	.+8      	; 0x5fc <__fixsfsi+0x72>
 5f4:	56 95       	lsr	r21
 5f6:	47 95       	ror	r20
 5f8:	37 95       	ror	r19
 5fa:	27 95       	ror	r18
 5fc:	8a 95       	dec	r24
 5fe:	d2 f7       	brpl	.-12     	; 0x5f4 <__fixsfsi+0x6a>
 600:	8e 81       	ldd	r24, Y+6	; 0x06
 602:	88 23       	and	r24, r24
 604:	61 f0       	breq	.+24     	; 0x61e <__fixsfsi+0x94>
 606:	50 95       	com	r21
 608:	40 95       	com	r20
 60a:	30 95       	com	r19
 60c:	21 95       	neg	r18
 60e:	3f 4f       	sbci	r19, 0xFF	; 255
 610:	4f 4f       	sbci	r20, 0xFF	; 255
 612:	5f 4f       	sbci	r21, 0xFF	; 255
 614:	04 c0       	rjmp	.+8      	; 0x61e <__fixsfsi+0x94>
 616:	20 e0       	ldi	r18, 0x00	; 0
 618:	30 e0       	ldi	r19, 0x00	; 0
 61a:	40 e0       	ldi	r20, 0x00	; 0
 61c:	50 e8       	ldi	r21, 0x80	; 128
 61e:	ca 01       	movw	r24, r20
 620:	b9 01       	movw	r22, r18
 622:	e2 e0       	ldi	r30, 0x02	; 2
 624:	2c 96       	adiw	r28, 0x0c	; 12
 626:	0c 94 16 05 	jmp	0xa2c	; 0xa2c <__epilogue_restores__+0x20>

0000062a <__pack_f>:
 62a:	4f 92       	push	r4
 62c:	5f 92       	push	r5
 62e:	6f 92       	push	r6
 630:	7f 92       	push	r7
 632:	8f 92       	push	r8
 634:	9f 92       	push	r9
 636:	af 92       	push	r10
 638:	bf 92       	push	r11
 63a:	df 92       	push	r13
 63c:	ef 92       	push	r14
 63e:	ff 92       	push	r15
 640:	0f 93       	push	r16
 642:	1f 93       	push	r17
 644:	20 e0       	ldi	r18, 0x00	; 0
 646:	30 e0       	ldi	r19, 0x00	; 0
 648:	40 e0       	ldi	r20, 0x00	; 0
 64a:	50 e0       	ldi	r21, 0x00	; 0
 64c:	fc 01       	movw	r30, r24
 64e:	e4 80       	ldd	r14, Z+4	; 0x04
 650:	f5 80       	ldd	r15, Z+5	; 0x05
 652:	06 81       	ldd	r16, Z+6	; 0x06
 654:	17 81       	ldd	r17, Z+7	; 0x07
 656:	d1 80       	ldd	r13, Z+1	; 0x01
 658:	80 81       	ld	r24, Z
 65a:	82 30       	cpi	r24, 0x02	; 2
 65c:	38 f4       	brcc	.+14     	; 0x66c <__pack_f+0x42>
 65e:	d8 01       	movw	r26, r16
 660:	c7 01       	movw	r24, r14
 662:	a0 61       	ori	r26, 0x10	; 16
 664:	af 77       	andi	r26, 0x7F	; 127
 666:	b0 70       	andi	r27, 0x00	; 0
 668:	6f ef       	ldi	r22, 0xFF	; 255
 66a:	d9 c0       	rjmp	.+434    	; 0x81e <__pack_f+0x1f4>
 66c:	84 30       	cpi	r24, 0x04	; 4
 66e:	09 f4       	brne	.+2      	; 0x672 <__pack_f+0x48>
 670:	6e c0       	rjmp	.+220    	; 0x74e <__pack_f+0x124>
 672:	82 30       	cpi	r24, 0x02	; 2
 674:	09 f4       	brne	.+2      	; 0x678 <__pack_f+0x4e>
 676:	71 c0       	rjmp	.+226    	; 0x75a <__pack_f+0x130>
 678:	e1 14       	cp	r14, r1
 67a:	f1 04       	cpc	r15, r1
 67c:	01 05       	cpc	r16, r1
 67e:	11 05       	cpc	r17, r1
 680:	09 f4       	brne	.+2      	; 0x684 <__pack_f+0x5a>
 682:	6b c0       	rjmp	.+214    	; 0x75a <__pack_f+0x130>
 684:	82 81       	ldd	r24, Z+2	; 0x02
 686:	93 81       	ldd	r25, Z+3	; 0x03
 688:	6f ef       	ldi	r22, 0xFF	; 255
 68a:	82 38       	cpi	r24, 0x82	; 130
 68c:	96 07       	cpc	r25, r22
 68e:	0c f0       	brlt	.+2      	; 0x692 <__pack_f+0x68>
 690:	6a c0       	rjmp	.+212    	; 0x766 <__pack_f+0x13c>
 692:	62 e8       	ldi	r22, 0x82	; 130
 694:	7f ef       	ldi	r23, 0xFF	; 255
 696:	68 1b       	sub	r22, r24
 698:	79 0b       	sbc	r23, r25
 69a:	6a 31       	cpi	r22, 0x1A	; 26
 69c:	71 05       	cpc	r23, r1
 69e:	0c f0       	brlt	.+2      	; 0x6a2 <__pack_f+0x78>
 6a0:	80 c0       	rjmp	.+256    	; 0x7a2 <__pack_f+0x178>
 6a2:	47 01       	movw	r8, r14
 6a4:	58 01       	movw	r10, r16
 6a6:	06 2e       	mov	r0, r22
 6a8:	04 c0       	rjmp	.+8      	; 0x6b2 <__pack_f+0x88>
 6aa:	b6 94       	lsr	r11
 6ac:	a7 94       	ror	r10
 6ae:	97 94       	ror	r9
 6b0:	87 94       	ror	r8
 6b2:	0a 94       	dec	r0
 6b4:	d2 f7       	brpl	.-12     	; 0x6aa <__pack_f+0x80>
 6b6:	44 24       	eor	r4, r4
 6b8:	55 24       	eor	r5, r5
 6ba:	32 01       	movw	r6, r4
 6bc:	81 e0       	ldi	r24, 0x01	; 1
 6be:	90 e0       	ldi	r25, 0x00	; 0
 6c0:	a0 e0       	ldi	r26, 0x00	; 0
 6c2:	b0 e0       	ldi	r27, 0x00	; 0
 6c4:	04 c0       	rjmp	.+8      	; 0x6ce <__pack_f+0xa4>
 6c6:	88 0f       	add	r24, r24
 6c8:	99 1f       	adc	r25, r25
 6ca:	aa 1f       	adc	r26, r26
 6cc:	bb 1f       	adc	r27, r27
 6ce:	6a 95       	dec	r22
 6d0:	d2 f7       	brpl	.-12     	; 0x6c6 <__pack_f+0x9c>
 6d2:	01 97       	sbiw	r24, 0x01	; 1
 6d4:	a1 09       	sbc	r26, r1
 6d6:	b1 09       	sbc	r27, r1
 6d8:	e8 22       	and	r14, r24
 6da:	f9 22       	and	r15, r25
 6dc:	0a 23       	and	r16, r26
 6de:	1b 23       	and	r17, r27
 6e0:	e1 14       	cp	r14, r1
 6e2:	f1 04       	cpc	r15, r1
 6e4:	01 05       	cpc	r16, r1
 6e6:	11 05       	cpc	r17, r1
 6e8:	29 f0       	breq	.+10     	; 0x6f4 <__pack_f+0xca>
 6ea:	61 e0       	ldi	r22, 0x01	; 1
 6ec:	46 2e       	mov	r4, r22
 6ee:	51 2c       	mov	r5, r1
 6f0:	61 2c       	mov	r6, r1
 6f2:	71 2c       	mov	r7, r1
 6f4:	85 01       	movw	r16, r10
 6f6:	74 01       	movw	r14, r8
 6f8:	e4 28       	or	r14, r4
 6fa:	f5 28       	or	r15, r5
 6fc:	06 29       	or	r16, r6
 6fe:	17 29       	or	r17, r7
 700:	d8 01       	movw	r26, r16
 702:	c7 01       	movw	r24, r14
 704:	8f 77       	andi	r24, 0x7F	; 127
 706:	90 70       	andi	r25, 0x00	; 0
 708:	a0 70       	andi	r26, 0x00	; 0
 70a:	b0 70       	andi	r27, 0x00	; 0
 70c:	80 34       	cpi	r24, 0x40	; 64
 70e:	91 05       	cpc	r25, r1
 710:	a1 05       	cpc	r26, r1
 712:	b1 05       	cpc	r27, r1
 714:	09 f4       	brne	.+2      	; 0x718 <__pack_f+0xee>
 716:	57 c0       	rjmp	.+174    	; 0x7c6 <__pack_f+0x19c>
 718:	d8 01       	movw	r26, r16
 71a:	c7 01       	movw	r24, r14
 71c:	cf 96       	adiw	r24, 0x3f	; 63
 71e:	a1 1d       	adc	r26, r1
 720:	b1 1d       	adc	r27, r1
 722:	60 e0       	ldi	r22, 0x00	; 0
 724:	70 e0       	ldi	r23, 0x00	; 0
 726:	80 30       	cpi	r24, 0x00	; 0
 728:	e0 e0       	ldi	r30, 0x00	; 0
 72a:	9e 07       	cpc	r25, r30
 72c:	e0 e0       	ldi	r30, 0x00	; 0
 72e:	ae 07       	cpc	r26, r30
 730:	e0 e4       	ldi	r30, 0x40	; 64
 732:	be 07       	cpc	r27, r30
 734:	10 f0       	brcs	.+4      	; 0x73a <__pack_f+0x110>
 736:	61 e0       	ldi	r22, 0x01	; 1
 738:	70 e0       	ldi	r23, 0x00	; 0
 73a:	27 e0       	ldi	r18, 0x07	; 7
 73c:	b6 95       	lsr	r27
 73e:	a7 95       	ror	r26
 740:	97 95       	ror	r25
 742:	87 95       	ror	r24
 744:	2a 95       	dec	r18
 746:	d1 f7       	brne	.-12     	; 0x73c <__pack_f+0x112>
 748:	af 77       	andi	r26, 0x7F	; 127
 74a:	b0 70       	andi	r27, 0x00	; 0
 74c:	68 c0       	rjmp	.+208    	; 0x81e <__pack_f+0x1f4>
 74e:	80 e0       	ldi	r24, 0x00	; 0
 750:	90 e0       	ldi	r25, 0x00	; 0
 752:	a0 e0       	ldi	r26, 0x00	; 0
 754:	b0 e0       	ldi	r27, 0x00	; 0
 756:	6f ef       	ldi	r22, 0xFF	; 255
 758:	62 c0       	rjmp	.+196    	; 0x81e <__pack_f+0x1f4>
 75a:	80 e0       	ldi	r24, 0x00	; 0
 75c:	90 e0       	ldi	r25, 0x00	; 0
 75e:	a0 e0       	ldi	r26, 0x00	; 0
 760:	b0 e0       	ldi	r27, 0x00	; 0
 762:	60 e0       	ldi	r22, 0x00	; 0
 764:	5c c0       	rjmp	.+184    	; 0x81e <__pack_f+0x1f4>
 766:	80 38       	cpi	r24, 0x80	; 128
 768:	91 05       	cpc	r25, r1
 76a:	8c f7       	brge	.-30     	; 0x74e <__pack_f+0x124>
 76c:	bc 01       	movw	r22, r24
 76e:	61 58       	subi	r22, 0x81	; 129
 770:	7f 4f       	sbci	r23, 0xFF	; 255
 772:	d8 01       	movw	r26, r16
 774:	c7 01       	movw	r24, r14
 776:	8f 77       	andi	r24, 0x7F	; 127
 778:	90 70       	andi	r25, 0x00	; 0
 77a:	a0 70       	andi	r26, 0x00	; 0
 77c:	b0 70       	andi	r27, 0x00	; 0
 77e:	80 34       	cpi	r24, 0x40	; 64
 780:	91 05       	cpc	r25, r1
 782:	a1 05       	cpc	r26, r1
 784:	b1 05       	cpc	r27, r1
 786:	a1 f0       	breq	.+40     	; 0x7b0 <__pack_f+0x186>
 788:	8f e3       	ldi	r24, 0x3F	; 63
 78a:	90 e0       	ldi	r25, 0x00	; 0
 78c:	a0 e0       	ldi	r26, 0x00	; 0
 78e:	b0 e0       	ldi	r27, 0x00	; 0
 790:	e8 0e       	add	r14, r24
 792:	f9 1e       	adc	r15, r25
 794:	0a 1f       	adc	r16, r26
 796:	1b 1f       	adc	r17, r27
 798:	17 fd       	sbrc	r17, 7
 79a:	28 c0       	rjmp	.+80     	; 0x7ec <__pack_f+0x1c2>
 79c:	d8 01       	movw	r26, r16
 79e:	c7 01       	movw	r24, r14
 7a0:	cc cf       	rjmp	.-104    	; 0x73a <__pack_f+0x110>
 7a2:	60 e0       	ldi	r22, 0x00	; 0
 7a4:	70 e0       	ldi	r23, 0x00	; 0
 7a6:	80 e0       	ldi	r24, 0x00	; 0
 7a8:	90 e0       	ldi	r25, 0x00	; 0
 7aa:	a0 e0       	ldi	r26, 0x00	; 0
 7ac:	b0 e0       	ldi	r27, 0x00	; 0
 7ae:	cc cf       	rjmp	.-104    	; 0x748 <__pack_f+0x11e>
 7b0:	e7 fe       	sbrs	r14, 7
 7b2:	f2 cf       	rjmp	.-28     	; 0x798 <__pack_f+0x16e>
 7b4:	80 e4       	ldi	r24, 0x40	; 64
 7b6:	90 e0       	ldi	r25, 0x00	; 0
 7b8:	a0 e0       	ldi	r26, 0x00	; 0
 7ba:	b0 e0       	ldi	r27, 0x00	; 0
 7bc:	e8 0e       	add	r14, r24
 7be:	f9 1e       	adc	r15, r25
 7c0:	0a 1f       	adc	r16, r26
 7c2:	1b 1f       	adc	r17, r27
 7c4:	e9 cf       	rjmp	.-46     	; 0x798 <__pack_f+0x16e>
 7c6:	e7 fc       	sbrc	r14, 7
 7c8:	18 c0       	rjmp	.+48     	; 0x7fa <__pack_f+0x1d0>
 7ca:	80 e0       	ldi	r24, 0x00	; 0
 7cc:	90 e0       	ldi	r25, 0x00	; 0
 7ce:	60 e0       	ldi	r22, 0x00	; 0
 7d0:	e6 16       	cp	r14, r22
 7d2:	60 e0       	ldi	r22, 0x00	; 0
 7d4:	f6 06       	cpc	r15, r22
 7d6:	60 e0       	ldi	r22, 0x00	; 0
 7d8:	06 07       	cpc	r16, r22
 7da:	60 e4       	ldi	r22, 0x40	; 64
 7dc:	16 07       	cpc	r17, r22
 7de:	10 f0       	brcs	.+4      	; 0x7e4 <__pack_f+0x1ba>
 7e0:	81 e0       	ldi	r24, 0x01	; 1
 7e2:	90 e0       	ldi	r25, 0x00	; 0
 7e4:	bc 01       	movw	r22, r24
 7e6:	d8 01       	movw	r26, r16
 7e8:	c7 01       	movw	r24, r14
 7ea:	a7 cf       	rjmp	.-178    	; 0x73a <__pack_f+0x110>
 7ec:	16 95       	lsr	r17
 7ee:	07 95       	ror	r16
 7f0:	f7 94       	ror	r15
 7f2:	e7 94       	ror	r14
 7f4:	6f 5f       	subi	r22, 0xFF	; 255
 7f6:	7f 4f       	sbci	r23, 0xFF	; 255
 7f8:	d1 cf       	rjmp	.-94     	; 0x79c <__pack_f+0x172>
 7fa:	d8 01       	movw	r26, r16
 7fc:	c7 01       	movw	r24, r14
 7fe:	80 5c       	subi	r24, 0xC0	; 192
 800:	9f 4f       	sbci	r25, 0xFF	; 255
 802:	af 4f       	sbci	r26, 0xFF	; 255
 804:	bf 4f       	sbci	r27, 0xFF	; 255
 806:	60 e0       	ldi	r22, 0x00	; 0
 808:	70 e0       	ldi	r23, 0x00	; 0
 80a:	80 30       	cpi	r24, 0x00	; 0
 80c:	e0 e0       	ldi	r30, 0x00	; 0
 80e:	9e 07       	cpc	r25, r30
 810:	e0 e0       	ldi	r30, 0x00	; 0
 812:	ae 07       	cpc	r26, r30
 814:	e0 e4       	ldi	r30, 0x40	; 64
 816:	be 07       	cpc	r27, r30
 818:	08 f4       	brcc	.+2      	; 0x81c <__pack_f+0x1f2>
 81a:	8f cf       	rjmp	.-226    	; 0x73a <__pack_f+0x110>
 81c:	8c cf       	rjmp	.-232    	; 0x736 <__pack_f+0x10c>
 81e:	28 2f       	mov	r18, r24
 820:	39 2f       	mov	r19, r25
 822:	9a 2f       	mov	r25, r26
 824:	9f 77       	andi	r25, 0x7F	; 127
 826:	84 2f       	mov	r24, r20
 828:	80 78       	andi	r24, 0x80	; 128
 82a:	89 2b       	or	r24, r25
 82c:	96 2f       	mov	r25, r22
 82e:	97 95       	ror	r25
 830:	99 27       	eor	r25, r25
 832:	97 95       	ror	r25
 834:	8f 77       	andi	r24, 0x7F	; 127
 836:	48 2f       	mov	r20, r24
 838:	49 2b       	or	r20, r25
 83a:	66 95       	lsr	r22
 83c:	85 2f       	mov	r24, r21
 83e:	80 78       	andi	r24, 0x80	; 128
 840:	86 2b       	or	r24, r22
 842:	d7 94       	ror	r13
 844:	dd 24       	eor	r13, r13
 846:	d7 94       	ror	r13
 848:	8f 77       	andi	r24, 0x7F	; 127
 84a:	58 2f       	mov	r21, r24
 84c:	5d 29       	or	r21, r13
 84e:	ca 01       	movw	r24, r20
 850:	b9 01       	movw	r22, r18
 852:	1f 91       	pop	r17
 854:	0f 91       	pop	r16
 856:	ff 90       	pop	r15
 858:	ef 90       	pop	r14
 85a:	df 90       	pop	r13
 85c:	bf 90       	pop	r11
 85e:	af 90       	pop	r10
 860:	9f 90       	pop	r9
 862:	8f 90       	pop	r8
 864:	7f 90       	pop	r7
 866:	6f 90       	pop	r6
 868:	5f 90       	pop	r5
 86a:	4f 90       	pop	r4
 86c:	08 95       	ret

0000086e <__unpack_f>:
 86e:	fc 01       	movw	r30, r24
 870:	db 01       	movw	r26, r22
 872:	20 81       	ld	r18, Z
 874:	31 81       	ldd	r19, Z+1	; 0x01
 876:	92 81       	ldd	r25, Z+2	; 0x02
 878:	49 2f       	mov	r20, r25
 87a:	4f 77       	andi	r20, 0x7F	; 127
 87c:	50 e0       	ldi	r21, 0x00	; 0
 87e:	99 1f       	adc	r25, r25
 880:	99 27       	eor	r25, r25
 882:	99 1f       	adc	r25, r25
 884:	83 81       	ldd	r24, Z+3	; 0x03
 886:	68 2f       	mov	r22, r24
 888:	66 0f       	add	r22, r22
 88a:	69 2b       	or	r22, r25
 88c:	88 1f       	adc	r24, r24
 88e:	88 27       	eor	r24, r24
 890:	88 1f       	adc	r24, r24
 892:	fd 01       	movw	r30, r26
 894:	81 83       	std	Z+1, r24	; 0x01
 896:	66 23       	and	r22, r22
 898:	09 f0       	breq	.+2      	; 0x89c <__unpack_f+0x2e>
 89a:	49 c0       	rjmp	.+146    	; 0x92e <__unpack_f+0xc0>
 89c:	21 15       	cp	r18, r1
 89e:	31 05       	cpc	r19, r1
 8a0:	41 05       	cpc	r20, r1
 8a2:	51 05       	cpc	r21, r1
 8a4:	09 f4       	brne	.+2      	; 0x8a8 <__unpack_f+0x3a>
 8a6:	70 c0       	rjmp	.+224    	; 0x988 <__unpack_f+0x11a>
 8a8:	82 e8       	ldi	r24, 0x82	; 130
 8aa:	9f ef       	ldi	r25, 0xFF	; 255
 8ac:	fd 01       	movw	r30, r26
 8ae:	93 83       	std	Z+3, r25	; 0x03
 8b0:	82 83       	std	Z+2, r24	; 0x02
 8b2:	22 0f       	add	r18, r18
 8b4:	33 1f       	adc	r19, r19
 8b6:	44 1f       	adc	r20, r20
 8b8:	55 1f       	adc	r21, r21
 8ba:	22 0f       	add	r18, r18
 8bc:	33 1f       	adc	r19, r19
 8be:	44 1f       	adc	r20, r20
 8c0:	55 1f       	adc	r21, r21
 8c2:	22 0f       	add	r18, r18
 8c4:	33 1f       	adc	r19, r19
 8c6:	44 1f       	adc	r20, r20
 8c8:	55 1f       	adc	r21, r21
 8ca:	22 0f       	add	r18, r18
 8cc:	33 1f       	adc	r19, r19
 8ce:	44 1f       	adc	r20, r20
 8d0:	55 1f       	adc	r21, r21
 8d2:	22 0f       	add	r18, r18
 8d4:	33 1f       	adc	r19, r19
 8d6:	44 1f       	adc	r20, r20
 8d8:	55 1f       	adc	r21, r21
 8da:	22 0f       	add	r18, r18
 8dc:	33 1f       	adc	r19, r19
 8de:	44 1f       	adc	r20, r20
 8e0:	55 1f       	adc	r21, r21
 8e2:	22 0f       	add	r18, r18
 8e4:	33 1f       	adc	r19, r19
 8e6:	44 1f       	adc	r20, r20
 8e8:	55 1f       	adc	r21, r21
 8ea:	83 e0       	ldi	r24, 0x03	; 3
 8ec:	8c 93       	st	X, r24
 8ee:	20 30       	cpi	r18, 0x00	; 0
 8f0:	f0 e0       	ldi	r31, 0x00	; 0
 8f2:	3f 07       	cpc	r19, r31
 8f4:	f0 e0       	ldi	r31, 0x00	; 0
 8f6:	4f 07       	cpc	r20, r31
 8f8:	f0 e4       	ldi	r31, 0x40	; 64
 8fa:	5f 07       	cpc	r21, r31
 8fc:	90 f4       	brcc	.+36     	; 0x922 <__unpack_f+0xb4>
 8fe:	82 e8       	ldi	r24, 0x82	; 130
 900:	9f ef       	ldi	r25, 0xFF	; 255
 902:	22 0f       	add	r18, r18
 904:	33 1f       	adc	r19, r19
 906:	44 1f       	adc	r20, r20
 908:	55 1f       	adc	r21, r21
 90a:	01 97       	sbiw	r24, 0x01	; 1
 90c:	20 30       	cpi	r18, 0x00	; 0
 90e:	60 e0       	ldi	r22, 0x00	; 0
 910:	36 07       	cpc	r19, r22
 912:	60 e0       	ldi	r22, 0x00	; 0
 914:	46 07       	cpc	r20, r22
 916:	60 e4       	ldi	r22, 0x40	; 64
 918:	56 07       	cpc	r21, r22
 91a:	98 f3       	brcs	.-26     	; 0x902 <__unpack_f+0x94>
 91c:	fd 01       	movw	r30, r26
 91e:	93 83       	std	Z+3, r25	; 0x03
 920:	82 83       	std	Z+2, r24	; 0x02
 922:	fd 01       	movw	r30, r26
 924:	24 83       	std	Z+4, r18	; 0x04
 926:	35 83       	std	Z+5, r19	; 0x05
 928:	46 83       	std	Z+6, r20	; 0x06
 92a:	57 83       	std	Z+7, r21	; 0x07
 92c:	08 95       	ret
 92e:	6f 3f       	cpi	r22, 0xFF	; 255
 930:	71 f1       	breq	.+92     	; 0x98e <__unpack_f+0x120>
 932:	86 2f       	mov	r24, r22
 934:	99 27       	eor	r25, r25
 936:	8f 57       	subi	r24, 0x7F	; 127
 938:	90 40       	sbci	r25, 0x00	; 0
 93a:	fd 01       	movw	r30, r26
 93c:	93 83       	std	Z+3, r25	; 0x03
 93e:	82 83       	std	Z+2, r24	; 0x02
 940:	83 e0       	ldi	r24, 0x03	; 3
 942:	8c 93       	st	X, r24
 944:	22 0f       	add	r18, r18
 946:	33 1f       	adc	r19, r19
 948:	44 1f       	adc	r20, r20
 94a:	55 1f       	adc	r21, r21
 94c:	22 0f       	add	r18, r18
 94e:	33 1f       	adc	r19, r19
 950:	44 1f       	adc	r20, r20
 952:	55 1f       	adc	r21, r21
 954:	22 0f       	add	r18, r18
 956:	33 1f       	adc	r19, r19
 958:	44 1f       	adc	r20, r20
 95a:	55 1f       	adc	r21, r21
 95c:	22 0f       	add	r18, r18
 95e:	33 1f       	adc	r19, r19
 960:	44 1f       	adc	r20, r20
 962:	55 1f       	adc	r21, r21
 964:	22 0f       	add	r18, r18
 966:	33 1f       	adc	r19, r19
 968:	44 1f       	adc	r20, r20
 96a:	55 1f       	adc	r21, r21
 96c:	22 0f       	add	r18, r18
 96e:	33 1f       	adc	r19, r19
 970:	44 1f       	adc	r20, r20
 972:	55 1f       	adc	r21, r21
 974:	22 0f       	add	r18, r18
 976:	33 1f       	adc	r19, r19
 978:	44 1f       	adc	r20, r20
 97a:	55 1f       	adc	r21, r21
 97c:	50 64       	ori	r21, 0x40	; 64
 97e:	24 83       	std	Z+4, r18	; 0x04
 980:	35 83       	std	Z+5, r19	; 0x05
 982:	46 83       	std	Z+6, r20	; 0x06
 984:	57 83       	std	Z+7, r21	; 0x07
 986:	08 95       	ret
 988:	82 e0       	ldi	r24, 0x02	; 2
 98a:	8c 93       	st	X, r24
 98c:	08 95       	ret
 98e:	21 15       	cp	r18, r1
 990:	31 05       	cpc	r19, r1
 992:	41 05       	cpc	r20, r1
 994:	51 05       	cpc	r21, r1
 996:	19 f4       	brne	.+6      	; 0x99e <__unpack_f+0x130>
 998:	84 e0       	ldi	r24, 0x04	; 4
 99a:	8c 93       	st	X, r24
 99c:	08 95       	ret
 99e:	44 fd       	sbrc	r20, 4
 9a0:	02 c0       	rjmp	.+4      	; 0x9a6 <__unpack_f+0x138>
 9a2:	1c 92       	st	X, r1
 9a4:	be cf       	rjmp	.-132    	; 0x922 <__unpack_f+0xb4>
 9a6:	81 e0       	ldi	r24, 0x01	; 1
 9a8:	8c 93       	st	X, r24
 9aa:	bb cf       	rjmp	.-138    	; 0x922 <__unpack_f+0xb4>

000009ac <__udivmodhi4>:
 9ac:	aa 1b       	sub	r26, r26
 9ae:	bb 1b       	sub	r27, r27
 9b0:	51 e1       	ldi	r21, 0x11	; 17
 9b2:	07 c0       	rjmp	.+14     	; 0x9c2 <__udivmodhi4_ep>

000009b4 <__udivmodhi4_loop>:
 9b4:	aa 1f       	adc	r26, r26
 9b6:	bb 1f       	adc	r27, r27
 9b8:	a6 17       	cp	r26, r22
 9ba:	b7 07       	cpc	r27, r23
 9bc:	10 f0       	brcs	.+4      	; 0x9c2 <__udivmodhi4_ep>
 9be:	a6 1b       	sub	r26, r22
 9c0:	b7 0b       	sbc	r27, r23

000009c2 <__udivmodhi4_ep>:
 9c2:	88 1f       	adc	r24, r24
 9c4:	99 1f       	adc	r25, r25
 9c6:	5a 95       	dec	r21
 9c8:	a9 f7       	brne	.-22     	; 0x9b4 <__udivmodhi4_loop>
 9ca:	80 95       	com	r24
 9cc:	90 95       	com	r25
 9ce:	bc 01       	movw	r22, r24
 9d0:	cd 01       	movw	r24, r26
 9d2:	08 95       	ret

000009d4 <__prologue_saves__>:
 9d4:	2f 92       	push	r2
 9d6:	3f 92       	push	r3
 9d8:	4f 92       	push	r4
 9da:	5f 92       	push	r5
 9dc:	6f 92       	push	r6
 9de:	7f 92       	push	r7
 9e0:	8f 92       	push	r8
 9e2:	9f 92       	push	r9
 9e4:	af 92       	push	r10
 9e6:	bf 92       	push	r11
 9e8:	cf 92       	push	r12
 9ea:	df 92       	push	r13
 9ec:	ef 92       	push	r14
 9ee:	ff 92       	push	r15
 9f0:	0f 93       	push	r16
 9f2:	1f 93       	push	r17
 9f4:	cf 93       	push	r28
 9f6:	df 93       	push	r29
 9f8:	cd b7       	in	r28, 0x3d	; 61
 9fa:	de b7       	in	r29, 0x3e	; 62
 9fc:	ca 1b       	sub	r28, r26
 9fe:	db 0b       	sbc	r29, r27
 a00:	0f b6       	in	r0, 0x3f	; 63
 a02:	f8 94       	cli
 a04:	de bf       	out	0x3e, r29	; 62
 a06:	0f be       	out	0x3f, r0	; 63
 a08:	cd bf       	out	0x3d, r28	; 61
 a0a:	09 94       	ijmp

00000a0c <__epilogue_restores__>:
 a0c:	2a 88       	ldd	r2, Y+18	; 0x12
 a0e:	39 88       	ldd	r3, Y+17	; 0x11
 a10:	48 88       	ldd	r4, Y+16	; 0x10
 a12:	5f 84       	ldd	r5, Y+15	; 0x0f
 a14:	6e 84       	ldd	r6, Y+14	; 0x0e
 a16:	7d 84       	ldd	r7, Y+13	; 0x0d
 a18:	8c 84       	ldd	r8, Y+12	; 0x0c
 a1a:	9b 84       	ldd	r9, Y+11	; 0x0b
 a1c:	aa 84       	ldd	r10, Y+10	; 0x0a
 a1e:	b9 84       	ldd	r11, Y+9	; 0x09
 a20:	c8 84       	ldd	r12, Y+8	; 0x08
 a22:	df 80       	ldd	r13, Y+7	; 0x07
 a24:	ee 80       	ldd	r14, Y+6	; 0x06
 a26:	fd 80       	ldd	r15, Y+5	; 0x05
 a28:	0c 81       	ldd	r16, Y+4	; 0x04
 a2a:	1b 81       	ldd	r17, Y+3	; 0x03
 a2c:	aa 81       	ldd	r26, Y+2	; 0x02
 a2e:	b9 81       	ldd	r27, Y+1	; 0x01
 a30:	ce 0f       	add	r28, r30
 a32:	d1 1d       	adc	r29, r1
 a34:	0f b6       	in	r0, 0x3f	; 63
 a36:	f8 94       	cli
 a38:	de bf       	out	0x3e, r29	; 62
 a3a:	0f be       	out	0x3f, r0	; 63
 a3c:	cd bf       	out	0x3d, r28	; 61
 a3e:	ed 01       	movw	r28, r26
 a40:	08 95       	ret

00000a42 <floor>:
 a42:	4f d0       	rcall	.+158    	; 0xae2 <__fp_split_a>
 a44:	9f 37       	cpi	r25, 0x7F	; 127
 a46:	60 f4       	brcc	.+24     	; 0xa60 <floor+0x1e>
 a48:	0e f0       	brts	.+2      	; 0xa4c <floor+0xa>
 a4a:	5a c0       	rjmp	.+180    	; 0xb00 <__fp_zero>
 a4c:	9f eb       	ldi	r25, 0xBF	; 191
 a4e:	80 e8       	ldi	r24, 0x80	; 128
 a50:	77 27       	eor	r23, r23
 a52:	66 27       	eor	r22, r22
 a54:	08 95       	ret
 a56:	86 95       	lsr	r24
 a58:	77 95       	ror	r23
 a5a:	67 95       	ror	r22
 a5c:	b1 1d       	adc	r27, r1
 a5e:	93 95       	inc	r25
 a60:	96 39       	cpi	r25, 0x96	; 150
 a62:	c8 f3       	brcs	.-14     	; 0xa56 <floor+0x14>
 a64:	2e f4       	brtc	.+10     	; 0xa70 <floor+0x2e>
 a66:	bb 23       	and	r27, r27
 a68:	19 f0       	breq	.+6      	; 0xa70 <floor+0x2e>
 a6a:	6f 5f       	subi	r22, 0xFF	; 255
 a6c:	7f 4f       	sbci	r23, 0xFF	; 255
 a6e:	8f 4f       	sbci	r24, 0xFF	; 255
 a70:	bb 27       	eor	r27, r27
 a72:	05 c0       	rjmp	.+10     	; 0xa7e <__fp_merge>
 a74:	9a 95       	dec	r25
 a76:	bb 0f       	add	r27, r27
 a78:	66 1f       	adc	r22, r22
 a7a:	77 1f       	adc	r23, r23
 a7c:	88 1f       	adc	r24, r24

00000a7e <__fp_merge>:
 a7e:	11 24       	eor	r1, r1
 a80:	99 23       	and	r25, r25
 a82:	a1 f0       	breq	.+40     	; 0xaac <__fp_merge+0x2e>
 a84:	88 23       	and	r24, r24
 a86:	b2 f7       	brpl	.-20     	; 0xa74 <floor+0x32>
 a88:	9f 3f       	cpi	r25, 0xFF	; 255
 a8a:	59 f0       	breq	.+22     	; 0xaa2 <__fp_merge+0x24>
 a8c:	bb 0f       	add	r27, r27
 a8e:	48 f4       	brcc	.+18     	; 0xaa2 <__fp_merge+0x24>
 a90:	21 f4       	brne	.+8      	; 0xa9a <__fp_merge+0x1c>
 a92:	00 20       	and	r0, r0
 a94:	11 f4       	brne	.+4      	; 0xa9a <__fp_merge+0x1c>
 a96:	60 ff       	sbrs	r22, 0
 a98:	04 c0       	rjmp	.+8      	; 0xaa2 <__fp_merge+0x24>
 a9a:	6f 5f       	subi	r22, 0xFF	; 255
 a9c:	7f 4f       	sbci	r23, 0xFF	; 255
 a9e:	8f 4f       	sbci	r24, 0xFF	; 255
 aa0:	9f 4f       	sbci	r25, 0xFF	; 255
 aa2:	88 1f       	adc	r24, r24
 aa4:	97 95       	ror	r25
 aa6:	87 95       	ror	r24
 aa8:	97 f9       	bld	r25, 7
 aaa:	08 95       	ret
 aac:	29 c0       	rjmp	.+82     	; 0xb00 <__fp_zero>

00000aae <__fp_split3>:
 aae:	05 2e       	mov	r0, r21
 ab0:	09 26       	eor	r0, r25
 ab2:	07 fa       	bst	r0, 7

00000ab4 <__fp_split2>:
 ab4:	44 0f       	add	r20, r20
 ab6:	55 1f       	adc	r21, r21
 ab8:	5f 3f       	cpi	r21, 0xFF	; 255
 aba:	79 f0       	breq	.+30     	; 0xada <__fp_split1+0x14>
 abc:	aa 27       	eor	r26, r26
 abe:	a5 17       	cp	r26, r21
 ac0:	08 f0       	brcs	.+2      	; 0xac4 <__fp_split2+0x10>
 ac2:	51 e0       	ldi	r21, 0x01	; 1
 ac4:	47 95       	ror	r20

00000ac6 <__fp_split1>:
 ac6:	88 0f       	add	r24, r24
 ac8:	99 1f       	adc	r25, r25
 aca:	9f 3f       	cpi	r25, 0xFF	; 255
 acc:	31 f0       	breq	.+12     	; 0xada <__fp_split1+0x14>
 ace:	bb 27       	eor	r27, r27
 ad0:	b9 17       	cp	r27, r25
 ad2:	08 f0       	brcs	.+2      	; 0xad6 <__fp_split1+0x10>
 ad4:	91 e0       	ldi	r25, 0x01	; 1
 ad6:	87 95       	ror	r24
 ad8:	08 95       	ret
 ada:	9f 91       	pop	r25
 adc:	9f 91       	pop	r25
 ade:	11 24       	eor	r1, r1
 ae0:	14 c0       	rjmp	.+40     	; 0xb0a <__fp_nan>

00000ae2 <__fp_split_a>:
 ae2:	97 fb       	bst	r25, 7
 ae4:	88 0f       	add	r24, r24
 ae6:	99 1f       	adc	r25, r25
 ae8:	9f 3f       	cpi	r25, 0xFF	; 255
 aea:	31 f0       	breq	.+12     	; 0xaf8 <__fp_split_a+0x16>
 aec:	bb 27       	eor	r27, r27
 aee:	b9 17       	cp	r27, r25
 af0:	08 f0       	brcs	.+2      	; 0xaf4 <__fp_split_a+0x12>
 af2:	91 e0       	ldi	r25, 0x01	; 1
 af4:	87 95       	ror	r24
 af6:	08 95       	ret
 af8:	9f 91       	pop	r25
 afa:	9f 91       	pop	r25
 afc:	11 24       	eor	r1, r1
 afe:	05 c0       	rjmp	.+10     	; 0xb0a <__fp_nan>

00000b00 <__fp_zero>:
 b00:	66 27       	eor	r22, r22
 b02:	77 27       	eor	r23, r23
 b04:	88 27       	eor	r24, r24

00000b06 <__fp_zerox>:
 b06:	99 27       	eor	r25, r25
 b08:	08 95       	ret

00000b0a <__fp_nan>:
 b0a:	9f ef       	ldi	r25, 0xFF	; 255
 b0c:	80 ec       	ldi	r24, 0xC0	; 192
 b0e:	08 95       	ret

00000b10 <_exit>:
 b10:	ff cf       	rjmp	.-2      	; 0xb10 <_exit>
