

Started GET "/" for 127.0.0.1 at Thu Oct 11 17:17:22 +0400 2012
  Processing by SchoolkidsController#index as HTML
  [1m[36mSchoolkid Load (28.5ms)[0m  [1mSELECT "schoolkids".* FROM "schoolkids" ORDER BY second_name LIMIT 40 OFFSET 0[0m
  [1m[35mSQL (5.0ms)[0m  SELECT COUNT(*) FROM "schoolkids"
Rendered layouts/_tray.haml (11.7ms)
Rendered layouts/_menu.haml (15.0ms)
  [1m[36mDiscipline Load (7.9ms)[0m  [1mSELECT "disciplines".* FROM "disciplines" ORDER BY full_name[0m
Rendered layouts/_aside.haml (84.4ms)
Rendered layouts/_footer.haml (3.9ms)
Rendered schoolkids/index.html.haml within layouts/application (504.0ms)
Completed 200 OK in 760ms (Views: 579.1ms | ActiveRecord: 41.4ms)


Started GET "/javascripts/jquery_ujs.js" for 127.0.0.1 at Thu Oct 11 17:17:24 +0400 2012

ActionController::RoutingError (No route matches "/javascripts/jquery_ujs.js"):
  

Rendered /usr/lib/ruby/gems/1.8/gems/actionpack-3.0.6/lib/action_dispatch/middleware/templates/rescues/routing_error.erb within rescues/layout (1.8ms)


Started GET "/javascripts/jquery_ujs.js" for 127.0.0.1 at Thu Oct 11 17:17:24 +0400 2012

ActionController::RoutingError (No route matches "/javascripts/jquery_ujs.js"):
  

Rendered /usr/lib/ruby/gems/1.8/gems/actionpack-3.0.6/lib/action_dispatch/middleware/templates/rescues/routing_error.erb within rescues/layout (1.6ms)


Started GET "/login" for 127.0.0.1 at Thu Oct 11 17:17:32 +0400 2012
  Processing by SessionsController#new as HTML
Rendered layouts/_tray.haml (6.2ms)
Rendered layouts/_menu.haml (8.7ms)
  [1m[35mDiscipline Load (35.4ms)[0m  SELECT "disciplines".* FROM "disciplines" ORDER BY full_name
Rendered layouts/_aside.haml (167.6ms)
Rendered layouts/_footer.haml (2.4ms)
Rendered sessions/new.haml within layouts/application (270.2ms)
Completed 200 OK in 397ms (Views: 360.5ms | ActiveRecord: 35.4ms)


Started GET "/javascripts/jquery_ujs.js" for 127.0.0.1 at Thu Oct 11 17:17:32 +0400 2012

ActionController::RoutingError (No route matches "/javascripts/jquery_ujs.js"):
  

Rendered /usr/lib/ruby/gems/1.8/gems/actionpack-3.0.6/lib/action_dispatch/middleware/templates/rescues/routing_error.erb within rescues/layout (1.0ms)


Started POST "/session" for 127.0.0.1 at Thu Oct 11 17:17:37 +0400 2012
  Processing by SessionsController#create as HTML
  Parameters: {"commit"=>"Войти", "authenticity_token"=>"/0legmr7yawt9FBT6tG9pm8RBzm9zAZx1raj6Q2A20w=", "utf8"=>"✓", "password"=>"[FILTERED]", "login"=>"admin"}
  [1m[36mSQL (4.4ms)[0m  [1m SELECT name
 FROM sqlite_master
 WHERE type = 'table' AND NOT name = 'sqlite_sequence'
[0m
  [1m[35mUser Load (5.7ms)[0m  SELECT "users".* FROM "users" WHERE "users"."login" = 'admin' LIMIT 1
Redirected to http://localhost:3000/
Completed 302 Found in 167ms


Started GET "/" for 127.0.0.1 at Thu Oct 11 17:17:37 +0400 2012
  Processing by SchoolkidsController#index as HTML
  [1m[36mUser Load (6.0ms)[0m  [1mSELECT "users".* FROM "users" WHERE "users"."id" = 1 LIMIT 1[0m
  [1m[35mSchoolkid Load (7.2ms)[0m  SELECT "schoolkids".* FROM "schoolkids" ORDER BY second_name LIMIT 40 OFFSET 0
  [1m[36mSQL (5.3ms)[0m  [1mSELECT COUNT(*) FROM "schoolkids"[0m
Rendered layouts/_tray.haml (6.5ms)
Rendered layouts/_menu.haml (8.6ms)
  [1m[35mDiscipline Load (7.7ms)[0m  SELECT "disciplines".* FROM "disciplines" ORDER BY full_name
Rendered layouts/_aside.haml (41.5ms)
Rendered layouts/_footer.haml (2.5ms)
Rendered schoolkids/index.html.haml within layouts/application (220.4ms)
Completed 200 OK in 314ms (Views: 220.7ms | ActiveRecord: 26.2ms)


Started GET "/javascripts/jquery_ujs.js" for 127.0.0.1 at Thu Oct 11 17:17:38 +0400 2012

ActionController::RoutingError (No route matches "/javascripts/jquery_ujs.js"):
  

Rendered /usr/lib/ruby/gems/1.8/gems/actionpack-3.0.6/lib/action_dispatch/middleware/templates/rescues/routing_error.erb within rescues/layout (1.0ms)


Started GET "/javascripts/jquery_ujs.js" for 127.0.0.1 at Thu Oct 11 17:17:38 +0400 2012

ActionController::RoutingError (No route matches "/javascripts/jquery_ujs.js"):
  

Rendered /usr/lib/ruby/gems/1.8/gems/actionpack-3.0.6/lib/action_dispatch/middleware/templates/rescues/routing_error.erb within rescues/layout (1.7ms)


Started GET "/groups" for 127.0.0.1 at Thu Oct 11 17:17:40 +0400 2012
  Processing by GroupsController#index as HTML
  [1m[36mUser Load (6.4ms)[0m  [1mSELECT "users".* FROM "users" WHERE "users"."id" = 1 LIMIT 1[0m
  [1m[35mGroup Load (7.4ms)[0m  SELECT "groups".* FROM "groups" ORDER BY number LIMIT 20 OFFSET 0
  [1m[36mSQL (4.6ms)[0m  [1mSELECT COUNT(*) FROM "groups"[0m
Rendered layouts/_tray.haml (106.5ms)
Rendered layouts/_menu.haml (15.4ms)
  [1m[35mDiscipline Load (10.1ms)[0m  SELECT "disciplines".* FROM "disciplines" ORDER BY full_name
Rendered layouts/_aside.haml (53.6ms)
Rendered layouts/_footer.haml (2.2ms)
Rendered groups/index.html.haml within layouts/application (274.9ms)
Completed 200 OK in 484ms (Views: 355.6ms | ActiveRecord: 28.5ms)


Started GET "/javascripts/jquery_ujs.js" for 127.0.0.1 at Thu Oct 11 17:17:41 +0400 2012

ActionController::RoutingError (No route matches "/javascripts/jquery_ujs.js"):
  

Rendered /usr/lib/ruby/gems/1.8/gems/actionpack-3.0.6/lib/action_dispatch/middleware/templates/rescues/routing_error.erb within rescues/layout (1.1ms)


Started GET "/groups/3" for 127.0.0.1 at Thu Oct 11 17:17:42 +0400 2012
  Processing by GroupsController#show as HTML
  Parameters: {"id"=>"3"}
  [1m[36mUser Load (5.4ms)[0m  [1mSELECT "users".* FROM "users" WHERE "users"."id" = 1 LIMIT 1[0m
  [1m[35mGroup Load (6.0ms)[0m  SELECT "groups".* FROM "groups" WHERE "groups"."id" = 3 ORDER BY number LIMIT 1
  [1m[36mCourse Load (7.5ms)[0m  [1mSELECT "courses".* FROM "courses" WHERE "courses"."id" = 4 ORDER BY start_date LIMIT 1[0m
  [1m[35mDiscipline Load (26.4ms)[0m  SELECT "disciplines".* FROM "disciplines" WHERE "disciplines"."id" = 1 ORDER BY full_name LIMIT 1
Rendered layouts/_tray.haml (6.4ms)
Rendered layouts/_menu.haml (8.6ms)
  [1m[36mDiscipline Load (5.4ms)[0m  [1mSELECT "disciplines".* FROM "disciplines" ORDER BY full_name[0m
Rendered layouts/_aside.haml (13.9ms)
Rendered layouts/_footer.haml (2.3ms)
Rendered groups/show.html.haml within layouts/application (294.1ms)
Completed 200 OK in 430ms (Views: 307.7ms | ActiveRecord: 50.8ms)


Started GET "/javascripts/jquery_ujs.js" for 127.0.0.1 at Thu Oct 11 17:17:43 +0400 2012

ActionController::RoutingError (No route matches "/javascripts/jquery_ujs.js"):
  

Rendered /usr/lib/ruby/gems/1.8/gems/actionpack-3.0.6/lib/action_dispatch/middleware/templates/rescues/routing_error.erb within rescues/layout (1.0ms)


Started GET "/javascripts/jquery_ujs.js" for 127.0.0.1 at Thu Oct 11 17:17:43 +0400 2012

ActionController::RoutingError (No route matches "/javascripts/jquery_ujs.js"):
  

Rendered /usr/lib/ruby/gems/1.8/gems/actionpack-3.0.6/lib/action_dispatch/middleware/templates/rescues/routing_error.erb within rescues/layout (1.7ms)
