This is pdfeTeX, Version 3.141592-1.21a-2.2 (Web2C 7.5.4) (format=pdflatex 2007.11.15)  7 JUN 2010 18:23
entering extended mode
**../main.tex
(../main.tex
LaTeX2e <2003/12/01>
Babel <v3.8d> and hyphenation patterns for american, french, german, ngerman, b
ahasa, basque, bulgarian, catalan, croatian, czech, danish, dutch, esperanto, e
stonian, finnish, greek, icelandic, irish, italian, latin, magyar, norsk, polis
h, portuges, romanian, russian, serbian, slovak, slovene, spanish, swedish, tur
kish, ukrainian, nohyphenation, loaded.
(/usr/share/texmf/tex/latex/amscls/amsart.cls
Document Class: amsart 2004/08/06 v2.20
\linespacing=\dimen102
\normalparindent=\dimen103
\normaltopskip=\skip41
(/usr/share/texmf/tex/latex/amsmath/amsmath.sty
Package: amsmath 2000/07/18 v2.13 AMS math features
\@mathmargin=\skip42

For additional information on amsmath, use the `?' option.
(/usr/share/texmf/tex/latex/amsmath/amstext.sty
Package: amstext 2000/06/29 v2.01

(/usr/share/texmf/tex/latex/amsmath/amsgen.sty
File: amsgen.sty 1999/11/30 v2.0
\@emptytoks=\toks14
\ex@=\dimen104
))
(/usr/share/texmf/tex/latex/amsmath/amsbsy.sty
Package: amsbsy 1999/11/29 v1.2d
\pmbraise@=\dimen105
)
(/usr/share/texmf/tex/latex/amsmath/amsopn.sty
Package: amsopn 1999/12/14 v2.01 operator names
)
\inf@bad=\count79
LaTeX Info: Redefining \frac on input line 211.
\uproot@=\count80
\leftroot@=\count81
LaTeX Info: Redefining \overline on input line 307.
\classnum@=\count82
\DOTSCASE@=\count83
LaTeX Info: Redefining \ldots on input line 379.
LaTeX Info: Redefining \dots on input line 382.
LaTeX Info: Redefining \cdots on input line 467.
\Mathstrutbox@=\box26
\strutbox@=\box27
\big@size=\dimen106
LaTeX Font Info:    Redeclaring font encoding OML on input line 567.
LaTeX Font Info:    Redeclaring font encoding OMS on input line 568.
\macc@depth=\count84
\c@MaxMatrixCols=\count85
\dotsspace@=\muskip10
\c@parentequation=\count86
\dspbrk@lvl=\count87
\tag@help=\toks15
\row@=\count88
\column@=\count89
\maxfields@=\count90
\andhelp@=\toks16
\eqnshift@=\dimen107
\alignsep@=\dimen108
\tagshift@=\dimen109
\tagwidth@=\dimen110
\totwidth@=\dimen111
\lineht@=\dimen112
\@envbody=\toks17
\multlinegap=\skip43
\multlinetaggap=\skip44
\mathdisplay@stack=\toks18
LaTeX Info: Redefining \[ on input line 2666.
LaTeX Info: Redefining \] on input line 2667.
)
LaTeX Font Info:    Try loading font information for U+msa on input line 407.

(/usr/share/texmf/tex/latex/amsfonts/umsa.fd
File: umsa.fd 2002/01/19 v2.2g AMS font definitions
)
(/usr/share/texmf/tex/latex/amsfonts/amsfonts.sty
Package: amsfonts 2001/10/25 v2.2f
\symAMSa=\mathgroup4
\symAMSb=\mathgroup5
LaTeX Font Info:    Overwriting math alphabet `\mathfrak' in version `bold'
(Font)                  U/euf/m/n --> U/euf/b/n on input line 132.
)
\copyins=\insert233
\abstractbox=\box28
\listisep=\skip45
\c@part=\count91
\c@section=\count92
\c@subsection=\count93
\c@subsubsection=\count94
\c@paragraph=\count95
\c@subparagraph=\count96
\c@figure=\count97
\c@table=\count98
\abovecaptionskip=\skip46
\belowcaptionskip=\skip47
\captionindent=\dimen113
\thm@style=\toks19
\thm@bodyfont=\toks20
\thm@headfont=\toks21
\thm@notefont=\toks22
\thm@headpunct=\toks23
\thm@preskip=\skip48
\thm@postskip=\skip49
\thm@headsep=\skip50
\dth@everypar=\toks24
)
(/usr/share/texmf/tex/latex/anysize/anysize.sty
Package: anysize 1994/08/13 setting margin sizes

document style option `anysize' loaded
Michael Salzenberg, Thomas Esser, Dirk Hillbrecht
Version 1.0, Aug 13, 1994
\@Leftmargin=\dimen114
\@Rightmargin=\dimen115
\@Topmargin=\dimen116
\@Bottommargin=\dimen117
) (/usr/share/texmf/tex/latex/amsfonts/amssymb.sty
Package: amssymb 2002/01/22 v2.2d
)
(/usr/share/texmf/tex/latex/tools/verbatim.sty
Package: verbatim 2003/08/22 v1.5q LaTeX2e package for verbatim enhancements
\every@verbatim=\toks25
\verbatim@line=\toks26
\verbatim@in@stream=\read1
)
(/usr/share/texmf/tex/latex/graphics/epsfig.sty
Package: epsfig 1999/02/16 v1.7a (e)psfig emulation (SPQR)

(/usr/share/texmf/tex/latex/graphics/graphicx.sty
Package: graphicx 1999/02/16 v1.0f Enhanced LaTeX Graphics (DPC,SPQR)

(/usr/share/texmf/tex/latex/graphics/keyval.sty
Package: keyval 1999/03/16 v1.13 key=value parser (DPC)
\KV@toks@=\toks27
)
(/usr/share/texmf/tex/latex/graphics/graphics.sty
Package: graphics 2001/07/07 v1.0n Standard LaTeX Graphics (DPC,SPQR)

(/usr/share/texmf/tex/latex/graphics/trig.sty
Package: trig 1999/03/16 v1.09 sin cos tan (DPC)
)
(/usr/share/texmf/tex/latex/graphics/graphics.cfg
File: graphics.cfg 2005/02/03 v1.3 graphics configuration of teTeX/TeXLive
)
Package graphics Info: Driver file: pdftex.def on input line 80.

(/usr/share/texmf/tex/latex/graphics/pdftex.def
File: pdftex.def 2002/06/19 v0.03k graphics/color for pdftex
\Gread@gobject=\count99
))
\Gin@req@height=\dimen118
\Gin@req@width=\dimen119
)
\epsfxsize=\dimen120
\epsfysize=\dimen121
)
(/usr/share/texmf/tex/latex/tools/array.sty
Package: array 2003/12/17 v2.4a Tabular extension package (FMi)
\col@sep=\dimen122
\extrarowheight=\dimen123
\NC@list=\toks28
\extratabsurround=\skip51
\backup@length=\skip52
)
(/usr/share/texmf/tex/generic/babel/babel.sty
Package: babel 2004/11/20 v3.8d The Babel package

(/usr/share/texmf/tex/generic/babel/russianb.ldf
Language: russianb 2004/11/21 v1.1r Russian support from the babel system

(/usr/share/texmf/tex/generic/babel/babel.def
File: babel.def 2004/11/20 v3.8d Babel common definitions
\babel@savecnt=\count100
\U@D=\dimen124
)
(/usr/share/texmf/tex/latex/cyrillic/t2aenc.def
File: t2aenc.def 2004/01/26 v1.0g Cyrillic encoding definition file
)

Package babel Warning: No input encoding specified for Russian language on inpu
t line 136.

Package babel Info: Making " an active character on input line 199.
)) (/usr/share/texmf/tex/latex/hyperref/hyperref.sty
Package: hyperref 2003/11/30 v6.74m Hypertext links for LaTeX
\@linkdim=\dimen125
\Hy@linkcounter=\count101
\Hy@pagecounter=\count102

(/usr/share/texmf/tex/latex/hyperref/pd1enc.def
File: pd1enc.def 2003/11/30 v6.74m Hyperref: PDFDocEncoding definition (HO)
)
(/usr/share/texmf/tex/latex/hyperref/hyperref.cfg
File: hyperref.cfg 2002/06/06 v1.2 hyperref configuration of TeXLive and teTeX
)
Package hyperref Info: Option `unicode' set `true' on input line 1830.

(/usr/share/texmf/tex/latex/hyperref/puenc.def
File: puenc.def 2003/11/30 v6.74m Hyperref: PDF Unicode definition (HO)
)
Package hyperref Info: Hyper figures OFF on input line 1880.
Package hyperref Info: Link nesting OFF on input line 1885.
Package hyperref Info: Hyper index ON on input line 1888.
Package hyperref Info: Plain pages ON on input line 1893.
Package hyperref Info: Backreferencing OFF on input line 1900.

Implicit mode ON; LaTeX internals redefined
Package hyperref Info: Bookmarks ON on input line 2004.
(/usr/share/texmf/tex/latex/html/url.sty
Package: url 1999/03/02  ver 1.4  Verb mode for urls, email addresses, and file
 names
)
LaTeX Info: Redefining \url on input line 2143.
\Fld@menulength=\count103
\Field@Width=\dimen126
\Fld@charsize=\dimen127
\Choice@toks=\toks29
\Field@toks=\toks30
Package hyperref Info: Hyper figures OFF on input line 2618.
Package hyperref Info: Link nesting OFF on input line 2623.
Package hyperref Info: Hyper index ON on input line 2626.
Package hyperref Info: backreferencing OFF on input line 2633.
Package hyperref Info: Link coloring OFF on input line 2638.
\c@Item=\count104
\c@Hfootnote=\count105
)
*hyperref using default driver hpdftex*
(/usr/share/texmf/tex/latex/hyperref/hpdftex.def
File: hpdftex.def 2003/11/30 v6.74m Hyperref driver for pdfTeX

(/usr/share/texmf/tex/latex/psnfss/pifont.sty
Package: pifont 2004/09/15 PSNFSS-v9.2 Pi font support (SPQR) 
LaTeX Font Info:    Try loading font information for U+pzd on input line 63.

(/usr/share/texmf/tex/latex/psnfss/upzd.fd
File: upzd.fd 2001/06/04 font definitions for U/pzd.
)
LaTeX Font Info:    Try loading font information for U+psy on input line 64.

(/usr/share/texmf/tex/latex/psnfss/upsy.fd
File: upsy.fd 2001/06/04 font definitions for U/psy.
))
\Fld@listcount=\count106
\@outlinefile=\write3
)

! LaTeX Error: File `body/cs.tex' not found.

Type X to quit or <RETURN> to proceed,
or enter new name. (Default extension: tex)

Enter file name: 
! Interruption.
<to be read again> 
                   }
l.5 \input{body/cs}
                   ^^M
? x
 
Here is how much of TeX's memory you used:
 4946 strings out of 94500
 57682 string characters out of 1176765
 109443 words of memory out of 1000000
 7935 multiletter control sequences out of 10000+50000
 4628 words of font info for 17 fonts, out of 500000 for 2000
 741 hyphenation exceptions out of 1000
 34i,0n,26p,311b,64s stack positions out of 1500i,500n,5000p,200000b,5000s
PDF statistics:
 4 PDF objects out of 300000
 0 named destinations out of 131072
 17 words of extra memory for PDF output out of 65536
No pages of output.
