This is pdfeTeX, Version 3.141592-1.21a-2.2 (Web2C 7.5.4) (format=pdflatex 2007.11.15)  7 JUN 2010 18:21
entering extended mode
**..main.tex
(/usr/share/texmf/tex/latex/tools/x.tex
! Interruption.
<to be read again> 
                   \begingroup 
l.1 
    %%
? x
 
Here is how much of TeX's memory you used:
 8 strings out of 94500
 204 string characters out of 1176765
 48348 words of memory out of 1000000
 3273 multiletter control sequences out of 10000+50000
 3640 words of font info for 14 fonts, out of 500000 for 2000
 580 hyphenation exceptions out of 1000
 3i,0n,1p,17b,6s stack positions out of 1500i,500n,5000p,200000b,5000s
PDF statistics:
 0 PDF objects out of 300000
 0 named destinations out of 131072
 1 words of extra memory for PDF output out of 65536
No pages of output.
