This is pdfTeX, Version 3.141592-1.40.6 (MiKTeX 2.7) (preloaded format=latex 2009.5.6)  25 MAY 2009 19:28
entering extended mode
**sect2.tex
(sect2.tex
LaTeX2e <2005/12/01>
Babel <v3.8h> and hyphenation patterns for english, dumylang, nohyphenation, ge
rman, ngerman, french, russian, loaded.
! Undefined control sequence.
l.1 \section
            {Идея решения}
? x
 
Here is how much of TeX's memory you used:
 6 strings out of 95116
 76 string characters out of 1179265
 47513 words of memory out of 1500000
 3307 multiletter control sequences out of 110000
 3640 words of font info for 14 fonts, out of 1200000 for 2000
 198 hyphenation exceptions out of 8191
 5i,0n,1p,37b,8s stack positions out of 5000i,500n,10000p,200000b,5000s
No pages of output.
